[0.012s] Invoking command in '/home/ilari/Documents/ROBO.720/Ex1/ros2_ws/build/ex1_fk': CMAKE_PREFIX_PATH=${CMAKE_PREFIX_PATH}:/opt/ros/humble /usr/bin/cmake --build /home/ilari/Documents/ROBO.720/Ex1/ros2_ws/build/ex1_fk -- -j12 -l12
[0.037s] -- Found ament_cmake: 1.3.12 (/opt/ros/humble/share/ament_cmake/cmake)
[0.161s] -- Found ament_lint_auto: 0.12.14 (/opt/ros/humble/share/ament_lint_auto/cmake)
[0.222s] -- Added test 'cppcheck' to perform static code analysis on C / C++ code
[0.222s] -- Configured cppcheck include dirs: 
[0.222s] -- Configured cppcheck exclude dirs and/or files: 
[0.223s] -- Added test 'lint_cmake' to check CMake code style
[0.224s] -- Added test 'uncrustify' to check C / C++ code style
[0.224s] -- Configured uncrustify additional arguments: 
[0.225s] -- Added test 'xmllint' to check XML markup files
[0.226s] -- Configuring done
[0.235s] -- Generating done
[0.238s] -- Build files have been written to: /home/ilari/Documents/ROBO.720/Ex1/ros2_ws/build/ex1_fk
[0.262s] [35m[1mConsolidate compiler generated dependencies of target kdl[0m
[0.273s] [ 25%] [32mBuilding CXX object CMakeFiles/eigen.dir/src/eigen.cpp.o[0m
[0.279s] [ 75%] Built target kdl
[0.334s] In file included from [01m[K/usr/include/kdl/jntarray.hpp:26[m[K,
[0.334s]                  from [01m[K/home/ilari/Documents/ROBO.720/Ex1/ros2_ws/src/ex1_fk/src/eigen.cpp:12[m[K:
[0.334s] [01m[K/usr/include/kdl/jacobian.hpp:26:10:[m[K [01;31m[Kfatal error: [m[KEigen/Core: No such file or directory
[0.334s]    26 | #include [01;31m[K<Eigen/Core>[m[K
[0.334s]       |          [01;31m[K^~~~~~~~~~~~[m[K
[0.335s] compilation terminated.
[0.336s] gmake[2]: *** [CMakeFiles/eigen.dir/build.make:76: CMakeFiles/eigen.dir/src/eigen.cpp.o] Error 1
[0.337s] gmake[1]: *** [CMakeFiles/Makefile2:165: CMakeFiles/eigen.dir/all] Error 2
[0.337s] gmake: *** [Makefile:146: all] Error 2
[0.341s] Invoked command in '/home/ilari/Documents/ROBO.720/Ex1/ros2_ws/build/ex1_fk' returned '2': CMAKE_PREFIX_PATH=${CMAKE_PREFIX_PATH}:/opt/ros/humble /usr/bin/cmake --build /home/ilari/Documents/ROBO.720/Ex1/ros2_ws/build/ex1_fk -- -j12 -l12
