-- Install configuration: ""
-- Up-to-date: /home/atte/advanced-robotics/exercise_2/install/franka_description/share/franka_description//urdf
-- Up-to-date: /home/atte/advanced-robotics/exercise_2/install/franka_description/share/franka_description//urdf/common
-- Up-to-date: /home/atte/advanced-robotics/exercise_2/install/franka_description/share/franka_description//urdf/common/inertial.yaml
-- Up-to-date: /home/atte/advanced-robotics/exercise_2/install/franka_description/share/franka_description//urdf/materials.xacro
-- Up-to-date: /home/atte/advanced-robotics/exercise_2/install/franka_description/share/franka_description//urdf/panda_arm.urdf.xacro
-- Up-to-date: /home/atte/advanced-robotics/exercise_2/install/franka_description/share/franka_description//urdf/effort_panda_arm.urdf.xacro
-- Up-to-date: /home/atte/advanced-robotics/exercise_2/install/franka_description/share/franka_description//urdf/ft_sensor.xacro
-- Up-to-date: /home/atte/advanced-robotics/exercise_2/install/franka_description/share/franka_description//urdf/ros2_control
-- Up-to-date: /home/atte/advanced-robotics/exercise_2/install/franka_description/share/franka_description//urdf/ros2_control/utils.xacro
-- Up-to-date: /home/atte/advanced-robotics/exercise_2/install/franka_description/share/franka_description//urdf/ros2_control/panda_arm.ros2_control.xacro
-- Up-to-date: /home/atte/advanced-robotics/exercise_2/install/franka_description/share/franka_description//urdf/ros2_control/effort_panda_arm.ros2_control.xacro
-- Up-to-date: /home/atte/advanced-robotics/exercise_2/install/franka_description/share/franka_description//urdf/hand.xacro
-- Up-to-date: /home/atte/advanced-robotics/exercise_2/install/franka_description/share/franka_description//urdf/effort_panda_arm_ft_sensor.urdf.xacro
-- Up-to-date: /home/atte/advanced-robotics/exercise_2/install/franka_description/share/franka_description//urdf/hand.urdf.xacro
-- Up-to-date: /home/atte/advanced-robotics/exercise_2/install/franka_description/share/franka_description//urdf/box.urdf.xacro
-- Up-to-date: /home/atte/advanced-robotics/exercise_2/install/franka_description/share/franka_description//urdf/panda_arm.xacro
-- Up-to-date: /home/atte/advanced-robotics/exercise_2/install/franka_description/share/franka_description//meshes
-- Up-to-date: /home/atte/advanced-robotics/exercise_2/install/franka_description/share/franka_description//meshes/collision
-- Up-to-date: /home/atte/advanced-robotics/exercise_2/install/franka_description/share/franka_description//meshes/collision/link1.stl
-- Up-to-date: /home/atte/advanced-robotics/exercise_2/install/franka_description/share/franka_description//meshes/collision/link6.stl
-- Up-to-date: /home/atte/advanced-robotics/exercise_2/install/franka_description/share/franka_description//meshes/collision/link0.stl
-- Up-to-date: /home/atte/advanced-robotics/exercise_2/install/franka_description/share/franka_description//meshes/collision/link7.stl
-- Up-to-date: /home/atte/advanced-robotics/exercise_2/install/franka_description/share/franka_description//meshes/collision/link3.stl
-- Up-to-date: /home/atte/advanced-robotics/exercise_2/install/franka_description/share/franka_description//meshes/collision/link2.stl
-- Up-to-date: /home/atte/advanced-robotics/exercise_2/install/franka_description/share/franka_description//meshes/collision/link5.stl
-- Up-to-date: /home/atte/advanced-robotics/exercise_2/install/franka_description/share/franka_description//meshes/collision/link4.stl
-- Up-to-date: /home/atte/advanced-robotics/exercise_2/install/franka_description/share/franka_description//meshes/visual
-- Up-to-date: /home/atte/advanced-robotics/exercise_2/install/franka_description/share/franka_description//meshes/visual/link0.dae
-- Up-to-date: /home/atte/advanced-robotics/exercise_2/install/franka_description/share/franka_description//meshes/visual/link6.dae
-- Up-to-date: /home/atte/advanced-robotics/exercise_2/install/franka_description/share/franka_description//meshes/visual/link7.dae
-- Up-to-date: /home/atte/advanced-robotics/exercise_2/install/franka_description/share/franka_description//meshes/visual/finger.dae
-- Up-to-date: /home/atte/advanced-robotics/exercise_2/install/franka_description/share/franka_description//meshes/visual/hand.dae
-- Up-to-date: /home/atte/advanced-robotics/exercise_2/install/franka_description/share/franka_description//meshes/visual/link4.dae
-- Up-to-date: /home/atte/advanced-robotics/exercise_2/install/franka_description/share/franka_description//meshes/visual/link1.dae
-- Up-to-date: /home/atte/advanced-robotics/exercise_2/install/franka_description/share/franka_description//meshes/visual/link3.dae
-- Up-to-date: /home/atte/advanced-robotics/exercise_2/install/franka_description/share/franka_description//meshes/visual/link2.dae
-- Up-to-date: /home/atte/advanced-robotics/exercise_2/install/franka_description/share/franka_description//meshes/visual/link5.dae
-- Up-to-date: /home/atte/advanced-robotics/exercise_2/install/franka_description/share/franka_description//config
-- Up-to-date: /home/atte/advanced-robotics/exercise_2/install/franka_description/share/franka_description//config/initial_positions.yaml
-- Up-to-date: /home/atte/advanced-robotics/exercise_2/install/franka_description/share/ament_index/resource_index/package_run_dependencies/franka_description
-- Up-to-date: /home/atte/advanced-robotics/exercise_2/install/franka_description/share/ament_index/resource_index/parent_prefix_path/franka_description
-- Installing: /home/atte/advanced-robotics/exercise_2/install/franka_description/share/franka_description/environment/ament_prefix_path.sh
-- Up-to-date: /home/atte/advanced-robotics/exercise_2/install/franka_description/share/franka_description/environment/ament_prefix_path.dsv
-- Installing: /home/atte/advanced-robotics/exercise_2/install/franka_description/share/franka_description/environment/path.sh
-- Up-to-date: /home/atte/advanced-robotics/exercise_2/install/franka_description/share/franka_description/environment/path.dsv
-- Up-to-date: /home/atte/advanced-robotics/exercise_2/install/franka_description/share/franka_description/local_setup.bash
-- Up-to-date: /home/atte/advanced-robotics/exercise_2/install/franka_description/share/franka_description/local_setup.sh
-- Up-to-date: /home/atte/advanced-robotics/exercise_2/install/franka_description/share/franka_description/local_setup.zsh
-- Up-to-date: /home/atte/advanced-robotics/exercise_2/install/franka_description/share/franka_description/local_setup.dsv
-- Installing: /home/atte/advanced-robotics/exercise_2/install/franka_description/share/franka_description/package.dsv
-- Up-to-date: /home/atte/advanced-robotics/exercise_2/install/franka_description/share/ament_index/resource_index/packages/franka_description
-- Up-to-date: /home/atte/advanced-robotics/exercise_2/install/franka_description/share/franka_description/cmake/franka_descriptionConfig.cmake
-- Up-to-date: /home/atte/advanced-robotics/exercise_2/install/franka_description/share/franka_description/cmake/franka_descriptionConfig-version.cmake
-- Up-to-date: /home/atte/advanced-robotics/exercise_2/install/franka_description/share/franka_description/package.xml
