[35m[1mConsolidate compiler generated dependencies of target forward_kinematics_node[0m
[ 50%] [32mBuilding CXX object CMakeFiles/forward_kinematics_node.dir/src/kdl.cpp.o[0m
[100%] [32m[1mLinking CXX executable forward_kinematics_node[0m
[100%] Built target forward_kinematics_node
-- Install configuration: ""
-- Up-to-date: /home/ilari/Documents/ROBO.720/Ex1/ros2_ws/install/ex1_fk/share/ament_index/resource_index/package_run_dependencies/ex1_fk
-- Up-to-date: /home/ilari/Documents/ROBO.720/Ex1/ros2_ws/install/ex1_fk/share/ament_index/resource_index/parent_prefix_path/ex1_fk
-- Up-to-date: /home/ilari/Documents/ROBO.720/Ex1/ros2_ws/install/ex1_fk/share/ex1_fk/environment/ament_prefix_path.sh
-- Up-to-date: /home/ilari/Documents/ROBO.720/Ex1/ros2_ws/install/ex1_fk/share/ex1_fk/environment/ament_prefix_path.dsv
-- Up-to-date: /home/ilari/Documents/ROBO.720/Ex1/ros2_ws/install/ex1_fk/share/ex1_fk/environment/path.sh
-- Up-to-date: /home/ilari/Documents/ROBO.720/Ex1/ros2_ws/install/ex1_fk/share/ex1_fk/environment/path.dsv
-- Up-to-date: /home/ilari/Documents/ROBO.720/Ex1/ros2_ws/install/ex1_fk/share/ex1_fk/local_setup.bash
-- Up-to-date: /home/ilari/Documents/ROBO.720/Ex1/ros2_ws/install/ex1_fk/share/ex1_fk/local_setup.sh
-- Up-to-date: /home/ilari/Documents/ROBO.720/Ex1/ros2_ws/install/ex1_fk/share/ex1_fk/local_setup.zsh
-- Up-to-date: /home/ilari/Documents/ROBO.720/Ex1/ros2_ws/install/ex1_fk/share/ex1_fk/local_setup.dsv
-- Installing: /home/ilari/Documents/ROBO.720/Ex1/ros2_ws/install/ex1_fk/share/ex1_fk/package.dsv
-- Up-to-date: /home/ilari/Documents/ROBO.720/Ex1/ros2_ws/install/ex1_fk/share/ament_index/resource_index/packages/ex1_fk
-- Up-to-date: /home/ilari/Documents/ROBO.720/Ex1/ros2_ws/install/ex1_fk/share/ex1_fk/cmake/ex1_fkConfig.cmake
-- Up-to-date: /home/ilari/Documents/ROBO.720/Ex1/ros2_ws/install/ex1_fk/share/ex1_fk/cmake/ex1_fkConfig-version.cmake
-- Up-to-date: /home/ilari/Documents/ROBO.720/Ex1/ros2_ws/install/ex1_fk/share/ex1_fk/package.xml
