[0.135s] DEBUG:colcon:Command line arguments: ['/usr/bin/colcon', 'build']
[0.135s] DEBUG:colcon:Parsed command line arguments: Namespace(log_base=None, log_level=None, verb_name='build', build_base='build', install_base='install', merge_install=False, symlink_install=False, test_result_base=None, continue_on_error=False, executor='parallel', parallel_workers=12, event_handlers=None, ignore_user_meta=False, metas=['./colcon.meta'], base_paths=['.'], packages_ignore=None, packages_ignore_regex=None, paths=None, packages_up_to=None, packages_up_to_regex=None, packages_above=None, packages_above_and_dependencies=None, packages_above_depth=None, packages_select_by_dep=None, packages_skip_by_dep=None, packages_skip_up_to=None, packages_select_build_failed=False, packages_skip_build_finished=False, packages_select_test_failures=False, packages_skip_test_passed=False, packages_select=None, packages_skip=None, packages_select_regex=None, packages_skip_regex=None, packages_start=None, packages_end=None, allow_overriding=[], cmake_args=None, cmake_target=None, cmake_target_skip_unavailable=False, cmake_clean_cache=False, cmake_clean_first=False, cmake_force_configure=False, ament_cmake_args=None, catkin_cmake_args=None, catkin_skip_building_tests=False, mixin_files=None, mixin=None, verb_parser=<colcon_mixin.mixin.mixin_argument.MixinArgumentDecorator object at 0x7b03579518a0>, verb_extension=<colcon_core.verb.build.BuildVerb object at 0x7b0357951300>, main=<bound method BuildVerb.main of <colcon_core.verb.build.BuildVerb object at 0x7b0357951300>>, mixin_verb=('build',))
[0.252s] Level 1:colcon.colcon_core.package_discovery:discover_packages(colcon_meta) check parameters
[0.252s] Level 1:colcon.colcon_core.package_discovery:discover_packages(recursive) check parameters
[0.252s] Level 1:colcon.colcon_core.package_discovery:discover_packages(ignore) check parameters
[0.252s] Level 1:colcon.colcon_core.package_discovery:discover_packages(path) check parameters
[0.252s] Level 1:colcon.colcon_core.package_discovery:discover_packages(colcon_meta) discover
[0.252s] Level 1:colcon.colcon_core.package_discovery:discover_packages(recursive) discover
[0.253s] INFO:colcon.colcon_core.package_discovery:Crawling recursively for packages in '/home/atte/advanced-robotics/exercise_2'
[0.253s] Level 1:colcon.colcon_core.package_identification:_identify(.) by extensions ['ignore', 'ignore_ament_install']
[0.253s] Level 1:colcon.colcon_core.package_identification:_identify(.) by extension 'ignore'
[0.253s] Level 1:colcon.colcon_core.package_identification:_identify(.) by extension 'ignore_ament_install'
[0.253s] Level 1:colcon.colcon_core.package_identification:_identify(.) by extensions ['colcon_pkg']
[0.253s] Level 1:colcon.colcon_core.package_identification:_identify(.) by extension 'colcon_pkg'
[0.253s] Level 1:colcon.colcon_core.package_identification:_identify(.) by extensions ['colcon_meta']
[0.253s] Level 1:colcon.colcon_core.package_identification:_identify(.) by extension 'colcon_meta'
[0.253s] Level 1:colcon.colcon_core.package_identification:_identify(.) by extensions ['ros']
[0.253s] Level 1:colcon.colcon_core.package_identification:_identify(.) by extension 'ros'
[0.261s] Level 1:colcon.colcon_core.package_identification:_identify(.) by extensions ['cmake', 'python']
[0.261s] Level 1:colcon.colcon_core.package_identification:_identify(.) by extension 'cmake'
[0.261s] Level 1:colcon.colcon_core.package_identification:_identify(.) by extension 'python'
[0.261s] Level 1:colcon.colcon_core.package_identification:_identify(.) by extensions ['python_setup_py']
[0.261s] Level 1:colcon.colcon_core.package_identification:_identify(.) by extension 'python_setup_py'
[0.261s] Level 1:colcon.colcon_core.package_identification:_identify(build) by extensions ['ignore', 'ignore_ament_install']
[0.261s] Level 1:colcon.colcon_core.package_identification:_identify(build) by extension 'ignore'
[0.261s] Level 1:colcon.colcon_core.package_identification:_identify(build) ignored
[0.261s] Level 1:colcon.colcon_core.package_identification:_identify(install) by extensions ['ignore', 'ignore_ament_install']
[0.261s] Level 1:colcon.colcon_core.package_identification:_identify(install) by extension 'ignore'
[0.261s] Level 1:colcon.colcon_core.package_identification:_identify(install) ignored
[0.261s] Level 1:colcon.colcon_core.package_identification:_identify(log) by extensions ['ignore', 'ignore_ament_install']
[0.261s] Level 1:colcon.colcon_core.package_identification:_identify(log) by extension 'ignore'
[0.261s] Level 1:colcon.colcon_core.package_identification:_identify(log) ignored
[0.262s] Level 1:colcon.colcon_core.package_identification:_identify(src) by extensions ['ignore', 'ignore_ament_install']
[0.262s] Level 1:colcon.colcon_core.package_identification:_identify(src) by extension 'ignore'
[0.262s] Level 1:colcon.colcon_core.package_identification:_identify(src) by extension 'ignore_ament_install'
[0.262s] Level 1:colcon.colcon_core.package_identification:_identify(src) by extensions ['colcon_pkg']
[0.262s] Level 1:colcon.colcon_core.package_identification:_identify(src) by extension 'colcon_pkg'
[0.262s] Level 1:colcon.colcon_core.package_identification:_identify(src) by extensions ['colcon_meta']
[0.262s] Level 1:colcon.colcon_core.package_identification:_identify(src) by extension 'colcon_meta'
[0.262s] Level 1:colcon.colcon_core.package_identification:_identify(src) by extensions ['ros']
[0.262s] Level 1:colcon.colcon_core.package_identification:_identify(src) by extension 'ros'
[0.262s] Level 1:colcon.colcon_core.package_identification:_identify(src) by extensions ['cmake', 'python']
[0.262s] Level 1:colcon.colcon_core.package_identification:_identify(src) by extension 'cmake'
[0.262s] Level 1:colcon.colcon_core.package_identification:_identify(src) by extension 'python'
[0.262s] Level 1:colcon.colcon_core.package_identification:_identify(src) by extensions ['python_setup_py']
[0.262s] Level 1:colcon.colcon_core.package_identification:_identify(src) by extension 'python_setup_py'
[0.262s] Level 1:colcon.colcon_core.package_identification:_identify(src/edu-franka_simulation) by extensions ['ignore', 'ignore_ament_install']
[0.262s] Level 1:colcon.colcon_core.package_identification:_identify(src/edu-franka_simulation) by extension 'ignore'
[0.262s] Level 1:colcon.colcon_core.package_identification:_identify(src/edu-franka_simulation) by extension 'ignore_ament_install'
[0.262s] Level 1:colcon.colcon_core.package_identification:_identify(src/edu-franka_simulation) by extensions ['colcon_pkg']
[0.262s] Level 1:colcon.colcon_core.package_identification:_identify(src/edu-franka_simulation) by extension 'colcon_pkg'
[0.262s] Level 1:colcon.colcon_core.package_identification:_identify(src/edu-franka_simulation) by extensions ['colcon_meta']
[0.262s] Level 1:colcon.colcon_core.package_identification:_identify(src/edu-franka_simulation) by extension 'colcon_meta'
[0.262s] Level 1:colcon.colcon_core.package_identification:_identify(src/edu-franka_simulation) by extensions ['ros']
[0.262s] Level 1:colcon.colcon_core.package_identification:_identify(src/edu-franka_simulation) by extension 'ros'
[0.262s] Level 1:colcon.colcon_core.package_identification:_identify(src/edu-franka_simulation) by extensions ['cmake', 'python']
[0.262s] Level 1:colcon.colcon_core.package_identification:_identify(src/edu-franka_simulation) by extension 'cmake'
[0.262s] Level 1:colcon.colcon_core.package_identification:_identify(src/edu-franka_simulation) by extension 'python'
[0.262s] Level 1:colcon.colcon_core.package_identification:_identify(src/edu-franka_simulation) by extensions ['python_setup_py']
[0.262s] Level 1:colcon.colcon_core.package_identification:_identify(src/edu-franka_simulation) by extension 'python_setup_py'
[0.262s] Level 1:colcon.colcon_core.package_identification:_identify(src/edu-franka_simulation/arm_controllers) by extensions ['ignore', 'ignore_ament_install']
[0.263s] Level 1:colcon.colcon_core.package_identification:_identify(src/edu-franka_simulation/arm_controllers) by extension 'ignore'
[0.263s] Level 1:colcon.colcon_core.package_identification:_identify(src/edu-franka_simulation/arm_controllers) by extension 'ignore_ament_install'
[0.263s] Level 1:colcon.colcon_core.package_identification:_identify(src/edu-franka_simulation/arm_controllers) by extensions ['colcon_pkg']
[0.263s] Level 1:colcon.colcon_core.package_identification:_identify(src/edu-franka_simulation/arm_controllers) by extension 'colcon_pkg'
[0.263s] Level 1:colcon.colcon_core.package_identification:_identify(src/edu-franka_simulation/arm_controllers) by extensions ['colcon_meta']
[0.263s] Level 1:colcon.colcon_core.package_identification:_identify(src/edu-franka_simulation/arm_controllers) by extension 'colcon_meta'
[0.263s] Level 1:colcon.colcon_core.package_identification:_identify(src/edu-franka_simulation/arm_controllers) by extensions ['ros']
[0.263s] Level 1:colcon.colcon_core.package_identification:_identify(src/edu-franka_simulation/arm_controllers) by extension 'ros'
[0.265s] DEBUG:colcon.colcon_core.package_identification:Package 'src/edu-franka_simulation/arm_controllers' with type 'ros.ament_cmake' and name 'arm_controllers'
[0.265s] Level 1:colcon.colcon_core.package_identification:_identify(src/edu-franka_simulation/franka_description) by extensions ['ignore', 'ignore_ament_install']
[0.265s] Level 1:colcon.colcon_core.package_identification:_identify(src/edu-franka_simulation/franka_description) by extension 'ignore'
[0.265s] Level 1:colcon.colcon_core.package_identification:_identify(src/edu-franka_simulation/franka_description) by extension 'ignore_ament_install'
[0.265s] Level 1:colcon.colcon_core.package_identification:_identify(src/edu-franka_simulation/franka_description) by extensions ['colcon_pkg']
[0.265s] Level 1:colcon.colcon_core.package_identification:_identify(src/edu-franka_simulation/franka_description) by extension 'colcon_pkg'
[0.265s] Level 1:colcon.colcon_core.package_identification:_identify(src/edu-franka_simulation/franka_description) by extensions ['colcon_meta']
[0.265s] Level 1:colcon.colcon_core.package_identification:_identify(src/edu-franka_simulation/franka_description) by extension 'colcon_meta'
[0.265s] Level 1:colcon.colcon_core.package_identification:_identify(src/edu-franka_simulation/franka_description) by extensions ['ros']
[0.265s] Level 1:colcon.colcon_core.package_identification:_identify(src/edu-franka_simulation/franka_description) by extension 'ros'
[0.266s] DEBUG:colcon.colcon_core.package_identification:Package 'src/edu-franka_simulation/franka_description' with type 'ros.ament_cmake' and name 'franka_description'
[0.266s] Level 1:colcon.colcon_core.package_identification:_identify(src/edu-franka_simulation/franka_gazebo) by extensions ['ignore', 'ignore_ament_install']
[0.266s] Level 1:colcon.colcon_core.package_identification:_identify(src/edu-franka_simulation/franka_gazebo) by extension 'ignore'
[0.266s] Level 1:colcon.colcon_core.package_identification:_identify(src/edu-franka_simulation/franka_gazebo) by extension 'ignore_ament_install'
[0.266s] Level 1:colcon.colcon_core.package_identification:_identify(src/edu-franka_simulation/franka_gazebo) by extensions ['colcon_pkg']
[0.266s] Level 1:colcon.colcon_core.package_identification:_identify(src/edu-franka_simulation/franka_gazebo) by extension 'colcon_pkg'
[0.266s] Level 1:colcon.colcon_core.package_identification:_identify(src/edu-franka_simulation/franka_gazebo) by extensions ['colcon_meta']
[0.266s] Level 1:colcon.colcon_core.package_identification:_identify(src/edu-franka_simulation/franka_gazebo) by extension 'colcon_meta'
[0.266s] Level 1:colcon.colcon_core.package_identification:_identify(src/edu-franka_simulation/franka_gazebo) by extensions ['ros']
[0.266s] Level 1:colcon.colcon_core.package_identification:_identify(src/edu-franka_simulation/franka_gazebo) by extension 'ros'
[0.267s] DEBUG:colcon.colcon_core.package_identification:Package 'src/edu-franka_simulation/franka_gazebo' with type 'ros.ament_cmake' and name 'franka_gazebo'
[0.267s] Level 1:colcon.colcon_core.package_discovery:discover_packages(recursive) using defaults
[0.267s] Level 1:colcon.colcon_core.package_discovery:discover_packages(ignore) discover
[0.267s] Level 1:colcon.colcon_core.package_discovery:discover_packages(ignore) using defaults
[0.267s] Level 1:colcon.colcon_core.package_discovery:discover_packages(path) discover
[0.267s] Level 1:colcon.colcon_core.package_discovery:discover_packages(path) using defaults
[0.286s] Level 1:colcon.colcon_core.package_discovery:discover_packages(prefix_path) check parameters
[0.286s] Level 1:colcon.colcon_core.package_discovery:discover_packages(prefix_path) discover
[0.288s] DEBUG:colcon.colcon_installed_package_information.package_discovery:Found 3 installed packages in /home/atte/advanced-robotics/exercise_2/install
[0.289s] DEBUG:colcon.colcon_installed_package_information.package_discovery:Found 424 installed packages in /opt/ros/humble
[0.291s] Level 1:colcon.colcon_core.package_discovery:discover_packages(prefix_path) using defaults
[0.326s] Level 5:colcon.colcon_core.verb:set package 'arm_controllers' build argument 'cmake_args' from command line to 'None'
[0.326s] Level 5:colcon.colcon_core.verb:set package 'arm_controllers' build argument 'cmake_target' from command line to 'None'
[0.326s] Level 5:colcon.colcon_core.verb:set package 'arm_controllers' build argument 'cmake_target_skip_unavailable' from command line to 'False'
[0.326s] Level 5:colcon.colcon_core.verb:set package 'arm_controllers' build argument 'cmake_clean_cache' from command line to 'False'
[0.326s] Level 5:colcon.colcon_core.verb:set package 'arm_controllers' build argument 'cmake_clean_first' from command line to 'False'
[0.326s] Level 5:colcon.colcon_core.verb:set package 'arm_controllers' build argument 'cmake_force_configure' from command line to 'False'
[0.326s] Level 5:colcon.colcon_core.verb:set package 'arm_controllers' build argument 'ament_cmake_args' from command line to 'None'
[0.326s] Level 5:colcon.colcon_core.verb:set package 'arm_controllers' build argument 'catkin_cmake_args' from command line to 'None'
[0.326s] Level 5:colcon.colcon_core.verb:set package 'arm_controllers' build argument 'catkin_skip_building_tests' from command line to 'False'
[0.326s] DEBUG:colcon.colcon_core.verb:Building package 'arm_controllers' with the following arguments: {'ament_cmake_args': None, 'build_base': '/home/atte/advanced-robotics/exercise_2/build/arm_controllers', 'catkin_cmake_args': None, 'catkin_skip_building_tests': False, 'cmake_args': None, 'cmake_clean_cache': False, 'cmake_clean_first': False, 'cmake_force_configure': False, 'cmake_target': None, 'cmake_target_skip_unavailable': False, 'install_base': '/home/atte/advanced-robotics/exercise_2/install/arm_controllers', 'merge_install': False, 'path': '/home/atte/advanced-robotics/exercise_2/src/edu-franka_simulation/arm_controllers', 'symlink_install': False, 'test_result_base': None}
[0.326s] Level 5:colcon.colcon_core.verb:set package 'franka_description' build argument 'cmake_args' from command line to 'None'
[0.326s] Level 5:colcon.colcon_core.verb:set package 'franka_description' build argument 'cmake_target' from command line to 'None'
[0.326s] Level 5:colcon.colcon_core.verb:set package 'franka_description' build argument 'cmake_target_skip_unavailable' from command line to 'False'
[0.326s] Level 5:colcon.colcon_core.verb:set package 'franka_description' build argument 'cmake_clean_cache' from command line to 'False'
[0.326s] Level 5:colcon.colcon_core.verb:set package 'franka_description' build argument 'cmake_clean_first' from command line to 'False'
[0.326s] Level 5:colcon.colcon_core.verb:set package 'franka_description' build argument 'cmake_force_configure' from command line to 'False'
[0.326s] Level 5:colcon.colcon_core.verb:set package 'franka_description' build argument 'ament_cmake_args' from command line to 'None'
[0.326s] Level 5:colcon.colcon_core.verb:set package 'franka_description' build argument 'catkin_cmake_args' from command line to 'None'
[0.326s] Level 5:colcon.colcon_core.verb:set package 'franka_description' build argument 'catkin_skip_building_tests' from command line to 'False'
[0.326s] DEBUG:colcon.colcon_core.verb:Building package 'franka_description' with the following arguments: {'ament_cmake_args': None, 'build_base': '/home/atte/advanced-robotics/exercise_2/build/franka_description', 'catkin_cmake_args': None, 'catkin_skip_building_tests': False, 'cmake_args': None, 'cmake_clean_cache': False, 'cmake_clean_first': False, 'cmake_force_configure': False, 'cmake_target': None, 'cmake_target_skip_unavailable': False, 'install_base': '/home/atte/advanced-robotics/exercise_2/install/franka_description', 'merge_install': False, 'path': '/home/atte/advanced-robotics/exercise_2/src/edu-franka_simulation/franka_description', 'symlink_install': False, 'test_result_base': None}
[0.326s] Level 5:colcon.colcon_core.verb:set package 'franka_gazebo' build argument 'cmake_args' from command line to 'None'
[0.326s] Level 5:colcon.colcon_core.verb:set package 'franka_gazebo' build argument 'cmake_target' from command line to 'None'
[0.326s] Level 5:colcon.colcon_core.verb:set package 'franka_gazebo' build argument 'cmake_target_skip_unavailable' from command line to 'False'
[0.326s] Level 5:colcon.colcon_core.verb:set package 'franka_gazebo' build argument 'cmake_clean_cache' from command line to 'False'
[0.327s] Level 5:colcon.colcon_core.verb:set package 'franka_gazebo' build argument 'cmake_clean_first' from command line to 'False'
[0.327s] Level 5:colcon.colcon_core.verb:set package 'franka_gazebo' build argument 'cmake_force_configure' from command line to 'False'
[0.327s] Level 5:colcon.colcon_core.verb:set package 'franka_gazebo' build argument 'ament_cmake_args' from command line to 'None'
[0.327s] Level 5:colcon.colcon_core.verb:set package 'franka_gazebo' build argument 'catkin_cmake_args' from command line to 'None'
[0.327s] Level 5:colcon.colcon_core.verb:set package 'franka_gazebo' build argument 'catkin_skip_building_tests' from command line to 'False'
[0.327s] DEBUG:colcon.colcon_core.verb:Building package 'franka_gazebo' with the following arguments: {'ament_cmake_args': None, 'build_base': '/home/atte/advanced-robotics/exercise_2/build/franka_gazebo', 'catkin_cmake_args': None, 'catkin_skip_building_tests': False, 'cmake_args': None, 'cmake_clean_cache': False, 'cmake_clean_first': False, 'cmake_force_configure': False, 'cmake_target': None, 'cmake_target_skip_unavailable': False, 'install_base': '/home/atte/advanced-robotics/exercise_2/install/franka_gazebo', 'merge_install': False, 'path': '/home/atte/advanced-robotics/exercise_2/src/edu-franka_simulation/franka_gazebo', 'symlink_install': False, 'test_result_base': None}
[0.327s] INFO:colcon.colcon_core.executor:Executing jobs using 'parallel' executor
[0.327s] DEBUG:colcon.colcon_parallel_executor.executor.parallel:run_until_complete
[0.328s] INFO:colcon.colcon_ros.task.ament_cmake.build:Building ROS package in '/home/atte/advanced-robotics/exercise_2/src/edu-franka_simulation/franka_description' with build type 'ament_cmake'
[0.328s] INFO:colcon.colcon_cmake.task.cmake.build:Building CMake package in '/home/atte/advanced-robotics/exercise_2/src/edu-franka_simulation/franka_description'
[0.329s] INFO:colcon.colcon_core.plugin_system:Skipping extension 'colcon_core.shell.bat': Not used on non-Windows systems
[0.330s] INFO:colcon.colcon_core.shell:Skip shell extension 'powershell' for command environment: Not usable outside of PowerShell
[0.330s] DEBUG:colcon.colcon_core.shell:Skip shell extension 'dsv' for command environment
[0.333s] INFO:colcon.colcon_ros.task.ament_cmake.build:Building ROS package in '/home/atte/advanced-robotics/exercise_2/src/edu-franka_simulation/arm_controllers' with build type 'ament_cmake'
[0.333s] INFO:colcon.colcon_cmake.task.cmake.build:Building CMake package in '/home/atte/advanced-robotics/exercise_2/src/edu-franka_simulation/arm_controllers'
[0.333s] INFO:colcon.colcon_core.shell:Skip shell extension 'powershell' for command environment: Not usable outside of PowerShell
[0.333s] DEBUG:colcon.colcon_core.shell:Skip shell extension 'dsv' for command environment
[0.340s] DEBUG:colcon.colcon_core.event_handler.log_command:Invoking command in '/home/atte/advanced-robotics/exercise_2/build/franka_description': CMAKE_PREFIX_PATH=${CMAKE_PREFIX_PATH}:/opt/ros/humble /usr/bin/cmake --build /home/atte/advanced-robotics/exercise_2/build/franka_description -- -j12 -l12
[0.343s] DEBUG:colcon.colcon_core.event_handler.log_command:Invoking command in '/home/atte/advanced-robotics/exercise_2/build/arm_controllers': CMAKE_PREFIX_PATH=${CMAKE_PREFIX_PATH}:/opt/ros/humble /usr/bin/cmake --build /home/atte/advanced-robotics/exercise_2/build/arm_controllers -- -j12 -l12
[0.374s] DEBUG:colcon.colcon_core.event_handler.log_command:Invoked command in '/home/atte/advanced-robotics/exercise_2/build/franka_description' returned '0': CMAKE_PREFIX_PATH=${CMAKE_PREFIX_PATH}:/opt/ros/humble /usr/bin/cmake --build /home/atte/advanced-robotics/exercise_2/build/franka_description -- -j12 -l12
[0.405s] DEBUG:colcon.colcon_core.event_handler.log_command:Invoking command in '/home/atte/advanced-robotics/exercise_2/build/franka_description': CMAKE_PREFIX_PATH=${CMAKE_PREFIX_PATH}:/opt/ros/humble /usr/bin/cmake --install /home/atte/advanced-robotics/exercise_2/build/franka_description
[0.416s] Level 1:colcon.colcon_core.environment:create_environment_scripts_only(franka_description)
[0.417s] DEBUG:colcon.colcon_core.event_handler.log_command:Invoked command in '/home/atte/advanced-robotics/exercise_2/build/franka_description' returned '0': CMAKE_PREFIX_PATH=${CMAKE_PREFIX_PATH}:/opt/ros/humble /usr/bin/cmake --install /home/atte/advanced-robotics/exercise_2/build/franka_description
[0.418s] Level 1:colcon.colcon_core.environment:checking '/home/atte/advanced-robotics/exercise_2/install/franka_description' for CMake module files
[0.419s] Level 1:colcon.colcon_core.environment:checking '/home/atte/advanced-robotics/exercise_2/install/franka_description' for CMake config files
[0.419s] Level 1:colcon.colcon_core.shell:create_environment_hook('franka_description', 'cmake_prefix_path')
[0.419s] INFO:colcon.colcon_core.shell:Creating environment hook '/home/atte/advanced-robotics/exercise_2/install/franka_description/share/franka_description/hook/cmake_prefix_path.ps1'
[0.420s] INFO:colcon.colcon_core.shell:Creating environment descriptor '/home/atte/advanced-robotics/exercise_2/install/franka_description/share/franka_description/hook/cmake_prefix_path.dsv'
[0.420s] INFO:colcon.colcon_core.shell:Creating environment hook '/home/atte/advanced-robotics/exercise_2/install/franka_description/share/franka_description/hook/cmake_prefix_path.sh'
[0.421s] Level 1:colcon.colcon_core.environment:checking '/home/atte/advanced-robotics/exercise_2/install/franka_description/bin'
[0.421s] Level 1:colcon.colcon_core.environment:checking '/home/atte/advanced-robotics/exercise_2/install/franka_description/lib/pkgconfig/franka_description.pc'
[0.421s] Level 1:colcon.colcon_core.environment:checking '/home/atte/advanced-robotics/exercise_2/install/franka_description/lib/python3.10/site-packages'
[0.421s] Level 1:colcon.colcon_core.environment:checking '/home/atte/advanced-robotics/exercise_2/install/franka_description/bin'
[0.422s] INFO:colcon.colcon_core.shell:Creating package script '/home/atte/advanced-robotics/exercise_2/install/franka_description/share/franka_description/package.ps1'
[0.422s] INFO:colcon.colcon_core.shell:Creating package descriptor '/home/atte/advanced-robotics/exercise_2/install/franka_description/share/franka_description/package.dsv'
[0.422s] INFO:colcon.colcon_core.shell:Creating package script '/home/atte/advanced-robotics/exercise_2/install/franka_description/share/franka_description/package.sh'
[0.423s] INFO:colcon.colcon_core.shell:Creating package script '/home/atte/advanced-robotics/exercise_2/install/franka_description/share/franka_description/package.bash'
[0.424s] INFO:colcon.colcon_core.shell:Creating package script '/home/atte/advanced-robotics/exercise_2/install/franka_description/share/franka_description/package.zsh'
[0.424s] Level 1:colcon.colcon_core.environment:create_file_with_runtime_dependencies(/home/atte/advanced-robotics/exercise_2/install/franka_description/share/colcon-core/packages/franka_description)
[0.432s] DEBUG:colcon.colcon_core.event_handler.log_command:Invoked command in '/home/atte/advanced-robotics/exercise_2/build/arm_controllers' returned '0': CMAKE_PREFIX_PATH=${CMAKE_PREFIX_PATH}:/opt/ros/humble /usr/bin/cmake --build /home/atte/advanced-robotics/exercise_2/build/arm_controllers -- -j12 -l12
[0.445s] Level 1:colcon.colcon_core.environment:create_environment_scripts_only(franka_description)
[0.445s] Level 1:colcon.colcon_core.environment:checking '/home/atte/advanced-robotics/exercise_2/install/franka_description' for CMake module files
[0.445s] Level 1:colcon.colcon_core.environment:checking '/home/atte/advanced-robotics/exercise_2/install/franka_description' for CMake config files
[0.445s] Level 1:colcon.colcon_core.shell:create_environment_hook('franka_description', 'cmake_prefix_path')
[0.446s] INFO:colcon.colcon_core.shell:Creating environment hook '/home/atte/advanced-robotics/exercise_2/install/franka_description/share/franka_description/hook/cmake_prefix_path.ps1'
[0.446s] INFO:colcon.colcon_core.shell:Creating environment descriptor '/home/atte/advanced-robotics/exercise_2/install/franka_description/share/franka_description/hook/cmake_prefix_path.dsv'
[0.446s] INFO:colcon.colcon_core.shell:Creating environment hook '/home/atte/advanced-robotics/exercise_2/install/franka_description/share/franka_description/hook/cmake_prefix_path.sh'
[0.447s] Level 1:colcon.colcon_core.environment:checking '/home/atte/advanced-robotics/exercise_2/install/franka_description/bin'
[0.447s] Level 1:colcon.colcon_core.environment:checking '/home/atte/advanced-robotics/exercise_2/install/franka_description/lib/pkgconfig/franka_description.pc'
[0.447s] Level 1:colcon.colcon_core.environment:checking '/home/atte/advanced-robotics/exercise_2/install/franka_description/lib/python3.10/site-packages'
[0.447s] Level 1:colcon.colcon_core.environment:checking '/home/atte/advanced-robotics/exercise_2/install/franka_description/bin'
[0.447s] INFO:colcon.colcon_core.shell:Creating package script '/home/atte/advanced-robotics/exercise_2/install/franka_description/share/franka_description/package.ps1'
[0.447s] INFO:colcon.colcon_core.shell:Creating package descriptor '/home/atte/advanced-robotics/exercise_2/install/franka_description/share/franka_description/package.dsv'
[0.448s] INFO:colcon.colcon_core.shell:Creating package script '/home/atte/advanced-robotics/exercise_2/install/franka_description/share/franka_description/package.sh'
[0.448s] INFO:colcon.colcon_core.shell:Creating package script '/home/atte/advanced-robotics/exercise_2/install/franka_description/share/franka_description/package.bash'
[0.449s] INFO:colcon.colcon_core.shell:Creating package script '/home/atte/advanced-robotics/exercise_2/install/franka_description/share/franka_description/package.zsh'
[0.449s] Level 1:colcon.colcon_core.environment:create_file_with_runtime_dependencies(/home/atte/advanced-robotics/exercise_2/install/franka_description/share/colcon-core/packages/franka_description)
[0.449s] INFO:colcon.colcon_ros.task.ament_cmake.build:Building ROS package in '/home/atte/advanced-robotics/exercise_2/src/edu-franka_simulation/franka_gazebo' with build type 'ament_cmake'
[0.450s] INFO:colcon.colcon_cmake.task.cmake.build:Building CMake package in '/home/atte/advanced-robotics/exercise_2/src/edu-franka_simulation/franka_gazebo'
[0.450s] INFO:colcon.colcon_core.shell:Skip shell extension 'powershell' for command environment: Not usable outside of PowerShell
[0.450s] DEBUG:colcon.colcon_core.shell:Skip shell extension 'dsv' for command environment
[0.467s] DEBUG:colcon.colcon_core.event_handler.log_command:Invoking command in '/home/atte/advanced-robotics/exercise_2/build/arm_controllers': CMAKE_PREFIX_PATH=${CMAKE_PREFIX_PATH}:/opt/ros/humble /usr/bin/cmake --install /home/atte/advanced-robotics/exercise_2/build/arm_controllers
[0.478s] Level 1:colcon.colcon_core.environment:create_environment_scripts_only(arm_controllers)
[0.478s] DEBUG:colcon.colcon_core.event_handler.log_command:Invoked command in '/home/atte/advanced-robotics/exercise_2/build/arm_controllers' returned '0': CMAKE_PREFIX_PATH=${CMAKE_PREFIX_PATH}:/opt/ros/humble /usr/bin/cmake --install /home/atte/advanced-robotics/exercise_2/build/arm_controllers
[0.478s] Level 1:colcon.colcon_core.environment:checking '/home/atte/advanced-robotics/exercise_2/install/arm_controllers' for CMake module files
[0.479s] Level 1:colcon.colcon_core.environment:checking '/home/atte/advanced-robotics/exercise_2/install/arm_controllers' for CMake config files
[0.479s] Level 1:colcon.colcon_core.shell:create_environment_hook('arm_controllers', 'cmake_prefix_path')
[0.479s] INFO:colcon.colcon_core.shell:Creating environment hook '/home/atte/advanced-robotics/exercise_2/install/arm_controllers/share/arm_controllers/hook/cmake_prefix_path.ps1'
[0.479s] INFO:colcon.colcon_core.shell:Creating environment descriptor '/home/atte/advanced-robotics/exercise_2/install/arm_controllers/share/arm_controllers/hook/cmake_prefix_path.dsv'
[0.480s] INFO:colcon.colcon_core.shell:Creating environment hook '/home/atte/advanced-robotics/exercise_2/install/arm_controllers/share/arm_controllers/hook/cmake_prefix_path.sh'
[0.480s] Level 1:colcon.colcon_core.environment:checking '/home/atte/advanced-robotics/exercise_2/install/arm_controllers/lib'
[0.480s] Level 1:colcon.colcon_core.shell:create_environment_hook('arm_controllers', 'ld_library_path_lib')
[0.480s] INFO:colcon.colcon_core.shell:Creating environment hook '/home/atte/advanced-robotics/exercise_2/install/arm_controllers/share/arm_controllers/hook/ld_library_path_lib.ps1'
[0.481s] INFO:colcon.colcon_core.shell:Creating environment descriptor '/home/atte/advanced-robotics/exercise_2/install/arm_controllers/share/arm_controllers/hook/ld_library_path_lib.dsv'
[0.481s] INFO:colcon.colcon_core.shell:Creating environment hook '/home/atte/advanced-robotics/exercise_2/install/arm_controllers/share/arm_controllers/hook/ld_library_path_lib.sh'
[0.481s] Level 1:colcon.colcon_core.environment:checking '/home/atte/advanced-robotics/exercise_2/install/arm_controllers/bin'
[0.481s] Level 1:colcon.colcon_core.environment:checking '/home/atte/advanced-robotics/exercise_2/install/arm_controllers/lib/pkgconfig/arm_controllers.pc'
[0.481s] Level 1:colcon.colcon_core.environment:checking '/home/atte/advanced-robotics/exercise_2/install/arm_controllers/lib/python3.10/site-packages'
[0.482s] Level 1:colcon.colcon_core.environment:checking '/home/atte/advanced-robotics/exercise_2/install/arm_controllers/bin'
[0.482s] INFO:colcon.colcon_core.shell:Creating package script '/home/atte/advanced-robotics/exercise_2/install/arm_controllers/share/arm_controllers/package.ps1'
[0.482s] INFO:colcon.colcon_core.shell:Creating package descriptor '/home/atte/advanced-robotics/exercise_2/install/arm_controllers/share/arm_controllers/package.dsv'
[0.482s] INFO:colcon.colcon_core.shell:Creating package script '/home/atte/advanced-robotics/exercise_2/install/arm_controllers/share/arm_controllers/package.sh'
[0.483s] INFO:colcon.colcon_core.shell:Creating package script '/home/atte/advanced-robotics/exercise_2/install/arm_controllers/share/arm_controllers/package.bash'
[0.483s] INFO:colcon.colcon_core.shell:Creating package script '/home/atte/advanced-robotics/exercise_2/install/arm_controllers/share/arm_controllers/package.zsh'
[0.483s] Level 1:colcon.colcon_core.environment:create_file_with_runtime_dependencies(/home/atte/advanced-robotics/exercise_2/install/arm_controllers/share/colcon-core/packages/arm_controllers)
[0.490s] DEBUG:colcon.colcon_core.event_handler.log_command:Invoking command in '/home/atte/advanced-robotics/exercise_2/build/franka_gazebo': CMAKE_PREFIX_PATH=/home/atte/advanced-robotics/exercise_2/install/franka_description:/home/atte/advanced-robotics/exercise_2/install/arm_controllers:/home/atte/advanced-robotics/exercise_2/install/franka_gazebo:/opt/ros/humble /usr/bin/cmake --build /home/atte/advanced-robotics/exercise_2/build/franka_gazebo -- -j12 -l12
[0.518s] Level 1:colcon.colcon_core.environment:create_environment_scripts_only(arm_controllers)
[0.518s] Level 1:colcon.colcon_core.environment:checking '/home/atte/advanced-robotics/exercise_2/install/arm_controllers' for CMake module files
[0.519s] Level 1:colcon.colcon_core.environment:checking '/home/atte/advanced-robotics/exercise_2/install/arm_controllers' for CMake config files
[0.519s] Level 1:colcon.colcon_core.shell:create_environment_hook('arm_controllers', 'cmake_prefix_path')
[0.519s] INFO:colcon.colcon_core.shell:Creating environment hook '/home/atte/advanced-robotics/exercise_2/install/arm_controllers/share/arm_controllers/hook/cmake_prefix_path.ps1'
[0.519s] INFO:colcon.colcon_core.shell:Creating environment descriptor '/home/atte/advanced-robotics/exercise_2/install/arm_controllers/share/arm_controllers/hook/cmake_prefix_path.dsv'
[0.520s] INFO:colcon.colcon_core.shell:Creating environment hook '/home/atte/advanced-robotics/exercise_2/install/arm_controllers/share/arm_controllers/hook/cmake_prefix_path.sh'
[0.520s] Level 1:colcon.colcon_core.environment:checking '/home/atte/advanced-robotics/exercise_2/install/arm_controllers/lib'
[0.520s] Level 1:colcon.colcon_core.shell:create_environment_hook('arm_controllers', 'ld_library_path_lib')
[0.520s] INFO:colcon.colcon_core.shell:Creating environment hook '/home/atte/advanced-robotics/exercise_2/install/arm_controllers/share/arm_controllers/hook/ld_library_path_lib.ps1'
[0.521s] INFO:colcon.colcon_core.shell:Creating environment descriptor '/home/atte/advanced-robotics/exercise_2/install/arm_controllers/share/arm_controllers/hook/ld_library_path_lib.dsv'
[0.521s] INFO:colcon.colcon_core.shell:Creating environment hook '/home/atte/advanced-robotics/exercise_2/install/arm_controllers/share/arm_controllers/hook/ld_library_path_lib.sh'
[0.521s] Level 1:colcon.colcon_core.environment:checking '/home/atte/advanced-robotics/exercise_2/install/arm_controllers/bin'
[0.522s] Level 1:colcon.colcon_core.environment:checking '/home/atte/advanced-robotics/exercise_2/install/arm_controllers/lib/pkgconfig/arm_controllers.pc'
[0.522s] Level 1:colcon.colcon_core.environment:checking '/home/atte/advanced-robotics/exercise_2/install/arm_controllers/lib/python3.10/site-packages'
[0.522s] Level 1:colcon.colcon_core.environment:checking '/home/atte/advanced-robotics/exercise_2/install/arm_controllers/bin'
[0.522s] INFO:colcon.colcon_core.shell:Creating package script '/home/atte/advanced-robotics/exercise_2/install/arm_controllers/share/arm_controllers/package.ps1'
[0.523s] INFO:colcon.colcon_core.shell:Creating package descriptor '/home/atte/advanced-robotics/exercise_2/install/arm_controllers/share/arm_controllers/package.dsv'
[0.523s] INFO:colcon.colcon_core.shell:Creating package script '/home/atte/advanced-robotics/exercise_2/install/arm_controllers/share/arm_controllers/package.sh'
[0.523s] INFO:colcon.colcon_core.shell:Creating package script '/home/atte/advanced-robotics/exercise_2/install/arm_controllers/share/arm_controllers/package.bash'
[0.524s] INFO:colcon.colcon_core.shell:Creating package script '/home/atte/advanced-robotics/exercise_2/install/arm_controllers/share/arm_controllers/package.zsh'
[0.524s] Level 1:colcon.colcon_core.environment:create_file_with_runtime_dependencies(/home/atte/advanced-robotics/exercise_2/install/arm_controllers/share/colcon-core/packages/arm_controllers)
[0.529s] DEBUG:colcon.colcon_core.event_handler.log_command:Invoked command in '/home/atte/advanced-robotics/exercise_2/build/franka_gazebo' returned '0': CMAKE_PREFIX_PATH=/home/atte/advanced-robotics/exercise_2/install/franka_description:/home/atte/advanced-robotics/exercise_2/install/arm_controllers:/home/atte/advanced-robotics/exercise_2/install/franka_gazebo:/opt/ros/humble /usr/bin/cmake --build /home/atte/advanced-robotics/exercise_2/build/franka_gazebo -- -j12 -l12
[0.553s] DEBUG:colcon.colcon_core.event_handler.log_command:Invoking command in '/home/atte/advanced-robotics/exercise_2/build/franka_gazebo': CMAKE_PREFIX_PATH=/home/atte/advanced-robotics/exercise_2/install/franka_description:/home/atte/advanced-robotics/exercise_2/install/arm_controllers:/home/atte/advanced-robotics/exercise_2/install/franka_gazebo:/opt/ros/humble /usr/bin/cmake --install /home/atte/advanced-robotics/exercise_2/build/franka_gazebo
[0.563s] Level 1:colcon.colcon_core.environment:create_environment_scripts_only(franka_gazebo)
[0.564s] Level 1:colcon.colcon_core.environment:checking '/home/atte/advanced-robotics/exercise_2/install/franka_gazebo' for CMake module files
[0.564s] DEBUG:colcon.colcon_core.event_handler.log_command:Invoked command in '/home/atte/advanced-robotics/exercise_2/build/franka_gazebo' returned '0': CMAKE_PREFIX_PATH=/home/atte/advanced-robotics/exercise_2/install/franka_description:/home/atte/advanced-robotics/exercise_2/install/arm_controllers:/home/atte/advanced-robotics/exercise_2/install/franka_gazebo:/opt/ros/humble /usr/bin/cmake --install /home/atte/advanced-robotics/exercise_2/build/franka_gazebo
[0.564s] Level 1:colcon.colcon_core.environment:checking '/home/atte/advanced-robotics/exercise_2/install/franka_gazebo' for CMake config files
[0.564s] Level 1:colcon.colcon_core.shell:create_environment_hook('franka_gazebo', 'cmake_prefix_path')
[0.564s] INFO:colcon.colcon_core.shell:Creating environment hook '/home/atte/advanced-robotics/exercise_2/install/franka_gazebo/share/franka_gazebo/hook/cmake_prefix_path.ps1'
[0.565s] INFO:colcon.colcon_core.shell:Creating environment descriptor '/home/atte/advanced-robotics/exercise_2/install/franka_gazebo/share/franka_gazebo/hook/cmake_prefix_path.dsv'
[0.565s] INFO:colcon.colcon_core.shell:Creating environment hook '/home/atte/advanced-robotics/exercise_2/install/franka_gazebo/share/franka_gazebo/hook/cmake_prefix_path.sh'
[0.565s] Level 1:colcon.colcon_core.environment:checking '/home/atte/advanced-robotics/exercise_2/install/franka_gazebo/bin'
[0.565s] Level 1:colcon.colcon_core.environment:checking '/home/atte/advanced-robotics/exercise_2/install/franka_gazebo/lib/pkgconfig/franka_gazebo.pc'
[0.566s] Level 1:colcon.colcon_core.environment:checking '/home/atte/advanced-robotics/exercise_2/install/franka_gazebo/lib/python3.10/site-packages'
[0.566s] Level 1:colcon.colcon_core.environment:checking '/home/atte/advanced-robotics/exercise_2/install/franka_gazebo/bin'
[0.566s] INFO:colcon.colcon_core.shell:Creating package script '/home/atte/advanced-robotics/exercise_2/install/franka_gazebo/share/franka_gazebo/package.ps1'
[0.566s] INFO:colcon.colcon_core.shell:Creating package descriptor '/home/atte/advanced-robotics/exercise_2/install/franka_gazebo/share/franka_gazebo/package.dsv'
[0.567s] INFO:colcon.colcon_core.shell:Creating package script '/home/atte/advanced-robotics/exercise_2/install/franka_gazebo/share/franka_gazebo/package.sh'
[0.567s] INFO:colcon.colcon_core.shell:Creating package script '/home/atte/advanced-robotics/exercise_2/install/franka_gazebo/share/franka_gazebo/package.bash'
[0.567s] INFO:colcon.colcon_core.shell:Creating package script '/home/atte/advanced-robotics/exercise_2/install/franka_gazebo/share/franka_gazebo/package.zsh'
[0.567s] Level 1:colcon.colcon_core.environment:create_file_with_runtime_dependencies(/home/atte/advanced-robotics/exercise_2/install/franka_gazebo/share/colcon-core/packages/franka_gazebo)
[0.590s] Level 1:colcon.colcon_core.environment:create_environment_scripts_only(franka_gazebo)
[0.590s] Level 1:colcon.colcon_core.environment:checking '/home/atte/advanced-robotics/exercise_2/install/franka_gazebo' for CMake module files
[0.590s] Level 1:colcon.colcon_core.environment:checking '/home/atte/advanced-robotics/exercise_2/install/franka_gazebo' for CMake config files
[0.590s] Level 1:colcon.colcon_core.shell:create_environment_hook('franka_gazebo', 'cmake_prefix_path')
[0.590s] INFO:colcon.colcon_core.shell:Creating environment hook '/home/atte/advanced-robotics/exercise_2/install/franka_gazebo/share/franka_gazebo/hook/cmake_prefix_path.ps1'
[0.591s] INFO:colcon.colcon_core.shell:Creating environment descriptor '/home/atte/advanced-robotics/exercise_2/install/franka_gazebo/share/franka_gazebo/hook/cmake_prefix_path.dsv'
[0.591s] INFO:colcon.colcon_core.shell:Creating environment hook '/home/atte/advanced-robotics/exercise_2/install/franka_gazebo/share/franka_gazebo/hook/cmake_prefix_path.sh'
[0.591s] Level 1:colcon.colcon_core.environment:checking '/home/atte/advanced-robotics/exercise_2/install/franka_gazebo/bin'
[0.592s] Level 1:colcon.colcon_core.environment:checking '/home/atte/advanced-robotics/exercise_2/install/franka_gazebo/lib/pkgconfig/franka_gazebo.pc'
[0.592s] Level 1:colcon.colcon_core.environment:checking '/home/atte/advanced-robotics/exercise_2/install/franka_gazebo/lib/python3.10/site-packages'
[0.592s] Level 1:colcon.colcon_core.environment:checking '/home/atte/advanced-robotics/exercise_2/install/franka_gazebo/bin'
[0.592s] INFO:colcon.colcon_core.shell:Creating package script '/home/atte/advanced-robotics/exercise_2/install/franka_gazebo/share/franka_gazebo/package.ps1'
[0.592s] INFO:colcon.colcon_core.shell:Creating package descriptor '/home/atte/advanced-robotics/exercise_2/install/franka_gazebo/share/franka_gazebo/package.dsv'
[0.593s] INFO:colcon.colcon_core.shell:Creating package script '/home/atte/advanced-robotics/exercise_2/install/franka_gazebo/share/franka_gazebo/package.sh'
[0.593s] INFO:colcon.colcon_core.shell:Creating package script '/home/atte/advanced-robotics/exercise_2/install/franka_gazebo/share/franka_gazebo/package.bash'
[0.593s] INFO:colcon.colcon_core.shell:Creating package script '/home/atte/advanced-robotics/exercise_2/install/franka_gazebo/share/franka_gazebo/package.zsh'
[0.594s] Level 1:colcon.colcon_core.environment:create_file_with_runtime_dependencies(/home/atte/advanced-robotics/exercise_2/install/franka_gazebo/share/colcon-core/packages/franka_gazebo)
[0.594s] DEBUG:colcon.colcon_parallel_executor.executor.parallel:closing loop
[0.594s] DEBUG:colcon.colcon_parallel_executor.executor.parallel:loop closed
[0.594s] DEBUG:colcon.colcon_parallel_executor.executor.parallel:run_until_complete finished with '0'
[0.595s] DEBUG:colcon.colcon_core.event_reactor:joining thread
[0.628s] INFO:colcon.colcon_core.plugin_system:Skipping extension 'colcon_notification.desktop_notification.notify_send': Could not find 'notify-send'
[0.628s] INFO:colcon.colcon_core.plugin_system:Skipping extension 'colcon_notification.desktop_notification.terminal_notifier': Not used on non-Darwin systems
[0.628s] INFO:colcon.colcon_core.plugin_system:Skipping extension 'colcon_notification.desktop_notification.win32': Not used on non-Windows systems
[0.628s] INFO:colcon.colcon_notification.desktop_notification:Sending desktop notification using 'notify2'
[0.629s] DEBUG:colcon.colcon_notification.desktop_notification.notify2:Failed to initialize notify2: org.freedesktop.DBus.Error.ServiceUnknown: The name org.freedesktop.Notifications was not provided by any .service files
[0.629s] DEBUG:colcon.colcon_core.event_reactor:joined thread
[0.629s] INFO:colcon.colcon_core.shell:Creating prefix script '/home/atte/advanced-robotics/exercise_2/install/local_setup.ps1'
[0.630s] INFO:colcon.colcon_core.shell:Creating prefix util module '/home/atte/advanced-robotics/exercise_2/install/_local_setup_util_ps1.py'
[0.631s] INFO:colcon.colcon_core.shell:Creating prefix chain script '/home/atte/advanced-robotics/exercise_2/install/setup.ps1'
[0.631s] INFO:colcon.colcon_core.shell:Creating prefix script '/home/atte/advanced-robotics/exercise_2/install/local_setup.sh'
[0.632s] INFO:colcon.colcon_core.shell:Creating prefix util module '/home/atte/advanced-robotics/exercise_2/install/_local_setup_util_sh.py'
[0.632s] INFO:colcon.colcon_core.shell:Creating prefix chain script '/home/atte/advanced-robotics/exercise_2/install/setup.sh'
[0.633s] INFO:colcon.colcon_core.shell:Creating prefix script '/home/atte/advanced-robotics/exercise_2/install/local_setup.bash'
[0.633s] INFO:colcon.colcon_core.shell:Creating prefix chain script '/home/atte/advanced-robotics/exercise_2/install/setup.bash'
[0.634s] INFO:colcon.colcon_core.shell:Creating prefix script '/home/atte/advanced-robotics/exercise_2/install/local_setup.zsh'
[0.634s] INFO:colcon.colcon_core.shell:Creating prefix chain script '/home/atte/advanced-robotics/exercise_2/install/setup.zsh'
