[0.012s] Invoking command in '/home/ilari/Documents/ROBO.720/Ex1/ros2_ws/build/Forward_kinematics': CMAKE_PREFIX_PATH=/opt/ros/humble /usr/bin/cmake /home/ilari/Documents/ROBO.720/Ex1/ros2_ws/src/Forward_kinematics -DCMAKE_INSTALL_PREFIX=/home/ilari/Documents/ROBO.720/Ex1/ros2_ws/install/Forward_kinematics
[0.165s] -- The C compiler identification is GNU 11.4.0
[0.283s] -- The CXX compiler identification is GNU 11.4.0
[0.299s] -- Detecting C compiler ABI info
[0.422s] -- Detecting C compiler ABI info - done
[0.432s] -- Check for working C compiler: /usr/bin/cc - skipped
[0.433s] -- Detecting C compile features
[0.434s] -- Detecting C compile features - done
[0.439s] -- Detecting CXX compiler ABI info
[0.570s] -- Detecting CXX compiler ABI info - done
[0.580s] -- Check for working CXX compiler: /usr/bin/c++ - skipped
[0.580s] -- Detecting CXX compile features
[0.581s] -- Detecting CXX compile features - done
[0.592s] -- Found ament_cmake: 1.3.12 (/opt/ros/humble/share/ament_cmake/cmake)
[0.805s] -- Found Python3: /usr/bin/python3 (found version "3.10.12") found components: Interpreter 
[0.955s] -- Found ament_lint_auto: 0.12.14 (/opt/ros/humble/share/ament_lint_auto/cmake)
[1.022s] WARNING: Package name "Forward_kinematics" does not follow the naming conventions. It should start with a lower case letter and only contain lower case letters, digits, underscores, and dashes.
[1.067s] -- Added test 'cppcheck' to perform static code analysis on C / C++ code
[1.067s] -- Configured cppcheck include dirs: 
[1.067s] -- Configured cppcheck exclude dirs and/or files: 
[1.068s] -- Added test 'lint_cmake' to check CMake code style
[1.070s] -- Added test 'uncrustify' to check C / C++ code style
[1.070s] -- Configured uncrustify additional arguments: 
[1.071s] -- Added test 'xmllint' to check XML markup files
[1.073s] -- Configuring done
[1.078s] -- Generating done
[1.081s] -- Build files have been written to: /home/ilari/Documents/ROBO.720/Ex1/ros2_ws/build/Forward_kinematics
[1.089s] Invoked command in '/home/ilari/Documents/ROBO.720/Ex1/ros2_ws/build/Forward_kinematics' returned '0': CMAKE_PREFIX_PATH=/opt/ros/humble /usr/bin/cmake /home/ilari/Documents/ROBO.720/Ex1/ros2_ws/src/Forward_kinematics -DCMAKE_INSTALL_PREFIX=/home/ilari/Documents/ROBO.720/Ex1/ros2_ws/install/Forward_kinematics
[1.092s] Invoking command in '/home/ilari/Documents/ROBO.720/Ex1/ros2_ws/build/Forward_kinematics': CMAKE_PREFIX_PATH=/opt/ros/humble /usr/bin/cmake --build /home/ilari/Documents/ROBO.720/Ex1/ros2_ws/build/Forward_kinematics -- -j12 -l12
[1.155s] Invoked command in '/home/ilari/Documents/ROBO.720/Ex1/ros2_ws/build/Forward_kinematics' returned '0': CMAKE_PREFIX_PATH=/opt/ros/humble /usr/bin/cmake --build /home/ilari/Documents/ROBO.720/Ex1/ros2_ws/build/Forward_kinematics -- -j12 -l12
[1.174s] Invoking command in '/home/ilari/Documents/ROBO.720/Ex1/ros2_ws/build/Forward_kinematics': CMAKE_PREFIX_PATH=/opt/ros/humble /usr/bin/cmake --install /home/ilari/Documents/ROBO.720/Ex1/ros2_ws/build/Forward_kinematics
[1.185s] -- Install configuration: ""
[1.186s] -- Installing: /home/ilari/Documents/ROBO.720/Ex1/ros2_ws/install/Forward_kinematics/share/ament_index/resource_index/package_run_dependencies/Forward_kinematics
[1.186s] -- Installing: /home/ilari/Documents/ROBO.720/Ex1/ros2_ws/install/Forward_kinematics/share/ament_index/resource_index/parent_prefix_path/Forward_kinematics
[1.186s] -- Installing: /home/ilari/Documents/ROBO.720/Ex1/ros2_ws/install/Forward_kinematics/share/Forward_kinematics/environment/ament_prefix_path.sh
[1.187s] -- Installing: /home/ilari/Documents/ROBO.720/Ex1/ros2_ws/install/Forward_kinematics/share/Forward_kinematics/environment/ament_prefix_path.dsv
[1.187s] -- Installing: /home/ilari/Documents/ROBO.720/Ex1/ros2_ws/install/Forward_kinematics/share/Forward_kinematics/environment/path.sh
[1.187s] -- Installing: /home/ilari/Documents/ROBO.720/Ex1/ros2_ws/install/Forward_kinematics/share/Forward_kinematics/environment/path.dsv
[1.187s] -- Installing: /home/ilari/Documents/ROBO.720/Ex1/ros2_ws/install/Forward_kinematics/share/Forward_kinematics/local_setup.bash
[1.187s] -- Installing: /home/ilari/Documents/ROBO.720/Ex1/ros2_ws/install/Forward_kinematics/share/Forward_kinematics/local_setup.sh
[1.188s] -- Installing: /home/ilari/Documents/ROBO.720/Ex1/ros2_ws/install/Forward_kinematics/share/Forward_kinematics/local_setup.zsh
[1.188s] -- Installing: /home/ilari/Documents/ROBO.720/Ex1/ros2_ws/install/Forward_kinematics/share/Forward_kinematics/local_setup.dsv
[1.188s] -- Installing: /home/ilari/Documents/ROBO.720/Ex1/ros2_ws/install/Forward_kinematics/share/Forward_kinematics/package.dsv
[1.188s] -- Installing: /home/ilari/Documents/ROBO.720/Ex1/ros2_ws/install/Forward_kinematics/share/ament_index/resource_index/packages/Forward_kinematics
[1.189s] -- Installing: /home/ilari/Documents/ROBO.720/Ex1/ros2_ws/install/Forward_kinematics/share/Forward_kinematics/cmake/Forward_kinematicsConfig.cmake
[1.189s] -- Installing: /home/ilari/Documents/ROBO.720/Ex1/ros2_ws/install/Forward_kinematics/share/Forward_kinematics/cmake/Forward_kinematicsConfig-version.cmake
[1.189s] -- Installing: /home/ilari/Documents/ROBO.720/Ex1/ros2_ws/install/Forward_kinematics/share/Forward_kinematics/package.xml
[1.193s] Invoked command in '/home/ilari/Documents/ROBO.720/Ex1/ros2_ws/build/Forward_kinematics' returned '0': CMAKE_PREFIX_PATH=/opt/ros/humble /usr/bin/cmake --install /home/ilari/Documents/ROBO.720/Ex1/ros2_ws/build/Forward_kinematics
