[0.220s] DEBUG:colcon:Command line arguments: ['/usr/bin/colcon', 'build']
[0.220s] DEBUG:colcon:Parsed command line arguments: Namespace(log_base=None, log_level=None, verb_name='build', build_base='build', install_base='install', merge_install=False, symlink_install=False, test_result_base=None, continue_on_error=False, executor='parallel', parallel_workers=12, event_handlers=None, ignore_user_meta=False, metas=['./colcon.meta'], base_paths=['.'], packages_ignore=None, packages_ignore_regex=None, paths=None, packages_up_to=None, packages_up_to_regex=None, packages_above=None, packages_above_and_dependencies=None, packages_above_depth=None, packages_select_by_dep=None, packages_skip_by_dep=None, packages_skip_up_to=None, packages_select_build_failed=False, packages_skip_build_finished=False, packages_select_test_failures=False, packages_skip_test_passed=False, packages_select=None, packages_skip=None, packages_select_regex=None, packages_skip_regex=None, packages_start=None, packages_end=None, allow_overriding=[], cmake_args=None, cmake_target=None, cmake_target_skip_unavailable=False, cmake_clean_cache=False, cmake_clean_first=False, cmake_force_configure=False, ament_cmake_args=None, catkin_cmake_args=None, catkin_skip_building_tests=False, mixin_files=None, mixin=None, verb_parser=<colcon_mixin.mixin.mixin_argument.MixinArgumentDecorator object at 0x71272a350d00>, verb_extension=<colcon_core.verb.build.BuildVerb object at 0x71272a5c3d60>, main=<bound method BuildVerb.main of <colcon_core.verb.build.BuildVerb object at 0x71272a5c3d60>>, mixin_verb=('build',))
[0.352s] Level 1:colcon.colcon_core.package_discovery:discover_packages(colcon_meta) check parameters
[0.352s] Level 1:colcon.colcon_core.package_discovery:discover_packages(recursive) check parameters
[0.352s] Level 1:colcon.colcon_core.package_discovery:discover_packages(ignore) check parameters
[0.352s] Level 1:colcon.colcon_core.package_discovery:discover_packages(path) check parameters
[0.352s] Level 1:colcon.colcon_core.package_discovery:discover_packages(colcon_meta) discover
[0.352s] Level 1:colcon.colcon_core.package_discovery:discover_packages(recursive) discover
[0.352s] INFO:colcon.colcon_core.package_discovery:Crawling recursively for packages in '/home/atte/advanced-robotics/exercise_2'
[0.352s] Level 1:colcon.colcon_core.package_identification:_identify(.) by extensions ['ignore', 'ignore_ament_install']
[0.352s] Level 1:colcon.colcon_core.package_identification:_identify(.) by extension 'ignore'
[0.352s] Level 1:colcon.colcon_core.package_identification:_identify(.) by extension 'ignore_ament_install'
[0.352s] Level 1:colcon.colcon_core.package_identification:_identify(.) by extensions ['colcon_pkg']
[0.352s] Level 1:colcon.colcon_core.package_identification:_identify(.) by extension 'colcon_pkg'
[0.352s] Level 1:colcon.colcon_core.package_identification:_identify(.) by extensions ['colcon_meta']
[0.352s] Level 1:colcon.colcon_core.package_identification:_identify(.) by extension 'colcon_meta'
[0.352s] Level 1:colcon.colcon_core.package_identification:_identify(.) by extensions ['ros']
[0.352s] Level 1:colcon.colcon_core.package_identification:_identify(.) by extension 'ros'
[0.359s] Level 1:colcon.colcon_core.package_identification:_identify(.) by extensions ['cmake', 'python']
[0.359s] Level 1:colcon.colcon_core.package_identification:_identify(.) by extension 'cmake'
[0.359s] Level 1:colcon.colcon_core.package_identification:_identify(.) by extension 'python'
[0.359s] Level 1:colcon.colcon_core.package_identification:_identify(.) by extensions ['python_setup_py']
[0.359s] Level 1:colcon.colcon_core.package_identification:_identify(.) by extension 'python_setup_py'
[0.359s] Level 1:colcon.colcon_core.package_identification:_identify(build) by extensions ['ignore', 'ignore_ament_install']
[0.360s] Level 1:colcon.colcon_core.package_identification:_identify(build) by extension 'ignore'
[0.360s] Level 1:colcon.colcon_core.package_identification:_identify(build) ignored
[0.360s] Level 1:colcon.colcon_core.package_identification:_identify(install) by extensions ['ignore', 'ignore_ament_install']
[0.360s] Level 1:colcon.colcon_core.package_identification:_identify(install) by extension 'ignore'
[0.360s] Level 1:colcon.colcon_core.package_identification:_identify(install) ignored
[0.360s] Level 1:colcon.colcon_core.package_identification:_identify(log) by extensions ['ignore', 'ignore_ament_install']
[0.360s] Level 1:colcon.colcon_core.package_identification:_identify(log) by extension 'ignore'
[0.360s] Level 1:colcon.colcon_core.package_identification:_identify(log) ignored
[0.360s] Level 1:colcon.colcon_core.package_identification:_identify(src) by extensions ['ignore', 'ignore_ament_install']
[0.360s] Level 1:colcon.colcon_core.package_identification:_identify(src) by extension 'ignore'
[0.360s] Level 1:colcon.colcon_core.package_identification:_identify(src) by extension 'ignore_ament_install'
[0.360s] Level 1:colcon.colcon_core.package_identification:_identify(src) by extensions ['colcon_pkg']
[0.360s] Level 1:colcon.colcon_core.package_identification:_identify(src) by extension 'colcon_pkg'
[0.360s] Level 1:colcon.colcon_core.package_identification:_identify(src) by extensions ['colcon_meta']
[0.360s] Level 1:colcon.colcon_core.package_identification:_identify(src) by extension 'colcon_meta'
[0.360s] Level 1:colcon.colcon_core.package_identification:_identify(src) by extensions ['ros']
[0.360s] Level 1:colcon.colcon_core.package_identification:_identify(src) by extension 'ros'
[0.360s] Level 1:colcon.colcon_core.package_identification:_identify(src) by extensions ['cmake', 'python']
[0.360s] Level 1:colcon.colcon_core.package_identification:_identify(src) by extension 'cmake'
[0.360s] Level 1:colcon.colcon_core.package_identification:_identify(src) by extension 'python'
[0.360s] Level 1:colcon.colcon_core.package_identification:_identify(src) by extensions ['python_setup_py']
[0.360s] Level 1:colcon.colcon_core.package_identification:_identify(src) by extension 'python_setup_py'
[0.360s] Level 1:colcon.colcon_core.package_identification:_identify(src/edu-franka_simulation) by extensions ['ignore', 'ignore_ament_install']
[0.360s] Level 1:colcon.colcon_core.package_identification:_identify(src/edu-franka_simulation) by extension 'ignore'
[0.360s] Level 1:colcon.colcon_core.package_identification:_identify(src/edu-franka_simulation) by extension 'ignore_ament_install'
[0.360s] Level 1:colcon.colcon_core.package_identification:_identify(src/edu-franka_simulation) by extensions ['colcon_pkg']
[0.361s] Level 1:colcon.colcon_core.package_identification:_identify(src/edu-franka_simulation) by extension 'colcon_pkg'
[0.361s] Level 1:colcon.colcon_core.package_identification:_identify(src/edu-franka_simulation) by extensions ['colcon_meta']
[0.361s] Level 1:colcon.colcon_core.package_identification:_identify(src/edu-franka_simulation) by extension 'colcon_meta'
[0.361s] Level 1:colcon.colcon_core.package_identification:_identify(src/edu-franka_simulation) by extensions ['ros']
[0.361s] Level 1:colcon.colcon_core.package_identification:_identify(src/edu-franka_simulation) by extension 'ros'
[0.361s] Level 1:colcon.colcon_core.package_identification:_identify(src/edu-franka_simulation) by extensions ['cmake', 'python']
[0.361s] Level 1:colcon.colcon_core.package_identification:_identify(src/edu-franka_simulation) by extension 'cmake'
[0.361s] Level 1:colcon.colcon_core.package_identification:_identify(src/edu-franka_simulation) by extension 'python'
[0.361s] Level 1:colcon.colcon_core.package_identification:_identify(src/edu-franka_simulation) by extensions ['python_setup_py']
[0.361s] Level 1:colcon.colcon_core.package_identification:_identify(src/edu-franka_simulation) by extension 'python_setup_py'
[0.361s] Level 1:colcon.colcon_core.package_identification:_identify(src/edu-franka_simulation/arm_controllers) by extensions ['ignore', 'ignore_ament_install']
[0.361s] Level 1:colcon.colcon_core.package_identification:_identify(src/edu-franka_simulation/arm_controllers) by extension 'ignore'
[0.361s] Level 1:colcon.colcon_core.package_identification:_identify(src/edu-franka_simulation/arm_controllers) by extension 'ignore_ament_install'
[0.361s] Level 1:colcon.colcon_core.package_identification:_identify(src/edu-franka_simulation/arm_controllers) by extensions ['colcon_pkg']
[0.361s] Level 1:colcon.colcon_core.package_identification:_identify(src/edu-franka_simulation/arm_controllers) by extension 'colcon_pkg'
[0.361s] Level 1:colcon.colcon_core.package_identification:_identify(src/edu-franka_simulation/arm_controllers) by extensions ['colcon_meta']
[0.361s] Level 1:colcon.colcon_core.package_identification:_identify(src/edu-franka_simulation/arm_controllers) by extension 'colcon_meta'
[0.361s] Level 1:colcon.colcon_core.package_identification:_identify(src/edu-franka_simulation/arm_controllers) by extensions ['ros']
[0.361s] Level 1:colcon.colcon_core.package_identification:_identify(src/edu-franka_simulation/arm_controllers) by extension 'ros'
[0.363s] DEBUG:colcon.colcon_core.package_identification:Package 'src/edu-franka_simulation/arm_controllers' with type 'ros.ament_cmake' and name 'arm_controllers'
[0.363s] Level 1:colcon.colcon_core.package_identification:_identify(src/edu-franka_simulation/franka_description) by extensions ['ignore', 'ignore_ament_install']
[0.363s] Level 1:colcon.colcon_core.package_identification:_identify(src/edu-franka_simulation/franka_description) by extension 'ignore'
[0.363s] Level 1:colcon.colcon_core.package_identification:_identify(src/edu-franka_simulation/franka_description) by extension 'ignore_ament_install'
[0.363s] Level 1:colcon.colcon_core.package_identification:_identify(src/edu-franka_simulation/franka_description) by extensions ['colcon_pkg']
[0.363s] Level 1:colcon.colcon_core.package_identification:_identify(src/edu-franka_simulation/franka_description) by extension 'colcon_pkg'
[0.363s] Level 1:colcon.colcon_core.package_identification:_identify(src/edu-franka_simulation/franka_description) by extensions ['colcon_meta']
[0.363s] Level 1:colcon.colcon_core.package_identification:_identify(src/edu-franka_simulation/franka_description) by extension 'colcon_meta'
[0.363s] Level 1:colcon.colcon_core.package_identification:_identify(src/edu-franka_simulation/franka_description) by extensions ['ros']
[0.363s] Level 1:colcon.colcon_core.package_identification:_identify(src/edu-franka_simulation/franka_description) by extension 'ros'
[0.364s] DEBUG:colcon.colcon_core.package_identification:Package 'src/edu-franka_simulation/franka_description' with type 'ros.ament_cmake' and name 'franka_description'
[0.364s] Level 1:colcon.colcon_core.package_identification:_identify(src/edu-franka_simulation/franka_gazebo) by extensions ['ignore', 'ignore_ament_install']
[0.364s] Level 1:colcon.colcon_core.package_identification:_identify(src/edu-franka_simulation/franka_gazebo) by extension 'ignore'
[0.364s] Level 1:colcon.colcon_core.package_identification:_identify(src/edu-franka_simulation/franka_gazebo) by extension 'ignore_ament_install'
[0.364s] Level 1:colcon.colcon_core.package_identification:_identify(src/edu-franka_simulation/franka_gazebo) by extensions ['colcon_pkg']
[0.364s] Level 1:colcon.colcon_core.package_identification:_identify(src/edu-franka_simulation/franka_gazebo) by extension 'colcon_pkg'
[0.364s] Level 1:colcon.colcon_core.package_identification:_identify(src/edu-franka_simulation/franka_gazebo) by extensions ['colcon_meta']
[0.364s] Level 1:colcon.colcon_core.package_identification:_identify(src/edu-franka_simulation/franka_gazebo) by extension 'colcon_meta'
[0.364s] Level 1:colcon.colcon_core.package_identification:_identify(src/edu-franka_simulation/franka_gazebo) by extensions ['ros']
[0.364s] Level 1:colcon.colcon_core.package_identification:_identify(src/edu-franka_simulation/franka_gazebo) by extension 'ros'
[0.365s] DEBUG:colcon.colcon_core.package_identification:Package 'src/edu-franka_simulation/franka_gazebo' with type 'ros.ament_cmake' and name 'franka_gazebo'
[0.365s] Level 1:colcon.colcon_core.package_discovery:discover_packages(recursive) using defaults
[0.365s] Level 1:colcon.colcon_core.package_discovery:discover_packages(ignore) discover
[0.365s] Level 1:colcon.colcon_core.package_discovery:discover_packages(ignore) using defaults
[0.365s] Level 1:colcon.colcon_core.package_discovery:discover_packages(path) discover
[0.365s] Level 1:colcon.colcon_core.package_discovery:discover_packages(path) using defaults
[0.391s] Level 1:colcon.colcon_core.package_discovery:discover_packages(prefix_path) check parameters
[0.391s] Level 1:colcon.colcon_core.package_discovery:discover_packages(prefix_path) discover
[0.393s] WARNING:colcon.colcon_ros.prefix_path.ament:The path '/home/atte/advanced-robotics/exercise_2/install/franka_gazebo' in the environment variable AMENT_PREFIX_PATH doesn't exist
[0.393s] WARNING:colcon.colcon_ros.prefix_path.ament:The path '/home/atte/advanced-robotics/exercise_2/install/franka_description' in the environment variable AMENT_PREFIX_PATH doesn't exist
[0.393s] WARNING:colcon.colcon_ros.prefix_path.catkin:The path '/home/atte/advanced-robotics/exercise_2/install/franka_gazebo' in the environment variable CMAKE_PREFIX_PATH doesn't exist
[0.393s] WARNING:colcon.colcon_ros.prefix_path.catkin:The path '/home/atte/advanced-robotics/exercise_2/install/franka_description' in the environment variable CMAKE_PREFIX_PATH doesn't exist
[0.394s] DEBUG:colcon.colcon_installed_package_information.package_discovery:Found 0 installed packages in /home/atte/advanced-robotics/exercise_2/install
[0.395s] DEBUG:colcon.colcon_installed_package_information.package_discovery:Found 422 installed packages in /opt/ros/humble
[0.397s] Level 1:colcon.colcon_core.package_discovery:discover_packages(prefix_path) using defaults
[0.490s] Level 5:colcon.colcon_core.verb:set package 'arm_controllers' build argument 'cmake_args' from command line to 'None'
[0.490s] Level 5:colcon.colcon_core.verb:set package 'arm_controllers' build argument 'cmake_target' from command line to 'None'
[0.490s] Level 5:colcon.colcon_core.verb:set package 'arm_controllers' build argument 'cmake_target_skip_unavailable' from command line to 'False'
[0.490s] Level 5:colcon.colcon_core.verb:set package 'arm_controllers' build argument 'cmake_clean_cache' from command line to 'False'
[0.490s] Level 5:colcon.colcon_core.verb:set package 'arm_controllers' build argument 'cmake_clean_first' from command line to 'False'
[0.490s] Level 5:colcon.colcon_core.verb:set package 'arm_controllers' build argument 'cmake_force_configure' from command line to 'False'
[0.490s] Level 5:colcon.colcon_core.verb:set package 'arm_controllers' build argument 'ament_cmake_args' from command line to 'None'
[0.490s] Level 5:colcon.colcon_core.verb:set package 'arm_controllers' build argument 'catkin_cmake_args' from command line to 'None'
[0.490s] Level 5:colcon.colcon_core.verb:set package 'arm_controllers' build argument 'catkin_skip_building_tests' from command line to 'False'
[0.490s] DEBUG:colcon.colcon_core.verb:Building package 'arm_controllers' with the following arguments: {'ament_cmake_args': None, 'build_base': '/home/atte/advanced-robotics/exercise_2/build/arm_controllers', 'catkin_cmake_args': None, 'catkin_skip_building_tests': False, 'cmake_args': None, 'cmake_clean_cache': False, 'cmake_clean_first': False, 'cmake_force_configure': False, 'cmake_target': None, 'cmake_target_skip_unavailable': False, 'install_base': '/home/atte/advanced-robotics/exercise_2/install/arm_controllers', 'merge_install': False, 'path': '/home/atte/advanced-robotics/exercise_2/src/edu-franka_simulation/arm_controllers', 'symlink_install': False, 'test_result_base': None}
[0.491s] Level 5:colcon.colcon_core.verb:set package 'franka_description' build argument 'cmake_args' from command line to 'None'
[0.491s] Level 5:colcon.colcon_core.verb:set package 'franka_description' build argument 'cmake_target' from command line to 'None'
[0.491s] Level 5:colcon.colcon_core.verb:set package 'franka_description' build argument 'cmake_target_skip_unavailable' from command line to 'False'
[0.491s] Level 5:colcon.colcon_core.verb:set package 'franka_description' build argument 'cmake_clean_cache' from command line to 'False'
[0.491s] Level 5:colcon.colcon_core.verb:set package 'franka_description' build argument 'cmake_clean_first' from command line to 'False'
[0.491s] Level 5:colcon.colcon_core.verb:set package 'franka_description' build argument 'cmake_force_configure' from command line to 'False'
[0.491s] Level 5:colcon.colcon_core.verb:set package 'franka_description' build argument 'ament_cmake_args' from command line to 'None'
[0.491s] Level 5:colcon.colcon_core.verb:set package 'franka_description' build argument 'catkin_cmake_args' from command line to 'None'
[0.491s] Level 5:colcon.colcon_core.verb:set package 'franka_description' build argument 'catkin_skip_building_tests' from command line to 'False'
[0.491s] DEBUG:colcon.colcon_core.verb:Building package 'franka_description' with the following arguments: {'ament_cmake_args': None, 'build_base': '/home/atte/advanced-robotics/exercise_2/build/franka_description', 'catkin_cmake_args': None, 'catkin_skip_building_tests': False, 'cmake_args': None, 'cmake_clean_cache': False, 'cmake_clean_first': False, 'cmake_force_configure': False, 'cmake_target': None, 'cmake_target_skip_unavailable': False, 'install_base': '/home/atte/advanced-robotics/exercise_2/install/franka_description', 'merge_install': False, 'path': '/home/atte/advanced-robotics/exercise_2/src/edu-franka_simulation/franka_description', 'symlink_install': False, 'test_result_base': None}
[0.491s] Level 5:colcon.colcon_core.verb:set package 'franka_gazebo' build argument 'cmake_args' from command line to 'None'
[0.491s] Level 5:colcon.colcon_core.verb:set package 'franka_gazebo' build argument 'cmake_target' from command line to 'None'
[0.491s] Level 5:colcon.colcon_core.verb:set package 'franka_gazebo' build argument 'cmake_target_skip_unavailable' from command line to 'False'
[0.491s] Level 5:colcon.colcon_core.verb:set package 'franka_gazebo' build argument 'cmake_clean_cache' from command line to 'False'
[0.491s] Level 5:colcon.colcon_core.verb:set package 'franka_gazebo' build argument 'cmake_clean_first' from command line to 'False'
[0.491s] Level 5:colcon.colcon_core.verb:set package 'franka_gazebo' build argument 'cmake_force_configure' from command line to 'False'
[0.491s] Level 5:colcon.colcon_core.verb:set package 'franka_gazebo' build argument 'ament_cmake_args' from command line to 'None'
[0.491s] Level 5:colcon.colcon_core.verb:set package 'franka_gazebo' build argument 'catkin_cmake_args' from command line to 'None'
[0.491s] Level 5:colcon.colcon_core.verb:set package 'franka_gazebo' build argument 'catkin_skip_building_tests' from command line to 'False'
[0.491s] DEBUG:colcon.colcon_core.verb:Building package 'franka_gazebo' with the following arguments: {'ament_cmake_args': None, 'build_base': '/home/atte/advanced-robotics/exercise_2/build/franka_gazebo', 'catkin_cmake_args': None, 'catkin_skip_building_tests': False, 'cmake_args': None, 'cmake_clean_cache': False, 'cmake_clean_first': False, 'cmake_force_configure': False, 'cmake_target': None, 'cmake_target_skip_unavailable': False, 'install_base': '/home/atte/advanced-robotics/exercise_2/install/franka_gazebo', 'merge_install': False, 'path': '/home/atte/advanced-robotics/exercise_2/src/edu-franka_simulation/franka_gazebo', 'symlink_install': False, 'test_result_base': None}
[0.491s] INFO:colcon.colcon_core.executor:Executing jobs using 'parallel' executor
[0.492s] DEBUG:colcon.colcon_parallel_executor.executor.parallel:run_until_complete
[0.492s] INFO:colcon.colcon_ros.task.ament_cmake.build:Building ROS package in '/home/atte/advanced-robotics/exercise_2/src/edu-franka_simulation/franka_description' with build type 'ament_cmake'
[0.492s] INFO:colcon.colcon_cmake.task.cmake.build:Building CMake package in '/home/atte/advanced-robotics/exercise_2/src/edu-franka_simulation/franka_description'
[0.496s] INFO:colcon.colcon_core.plugin_system:Skipping extension 'colcon_core.shell.bat': Not used on non-Windows systems
[0.496s] INFO:colcon.colcon_core.shell:Skip shell extension 'powershell' for command environment: Not usable outside of PowerShell
[0.496s] DEBUG:colcon.colcon_core.shell:Skip shell extension 'dsv' for command environment
[0.500s] INFO:colcon.colcon_ros.task.ament_cmake.build:Building ROS package in '/home/atte/advanced-robotics/exercise_2/src/edu-franka_simulation/arm_controllers' with build type 'ament_cmake'
[0.500s] INFO:colcon.colcon_cmake.task.cmake.build:Building CMake package in '/home/atte/advanced-robotics/exercise_2/src/edu-franka_simulation/arm_controllers'
[0.500s] INFO:colcon.colcon_core.shell:Skip shell extension 'powershell' for command environment: Not usable outside of PowerShell
[0.500s] DEBUG:colcon.colcon_core.shell:Skip shell extension 'dsv' for command environment
[0.509s] DEBUG:colcon.colcon_core.event_handler.log_command:Invoking command in '/home/atte/advanced-robotics/exercise_2/build/franka_description': CMAKE_PREFIX_PATH=${CMAKE_PREFIX_PATH}:/opt/ros/humble /usr/bin/cmake /home/atte/advanced-robotics/exercise_2/src/edu-franka_simulation/franka_description -DCMAKE_INSTALL_PREFIX=/home/atte/advanced-robotics/exercise_2/install/franka_description
[0.512s] DEBUG:colcon.colcon_core.event_handler.log_command:Invoking command in '/home/atte/advanced-robotics/exercise_2/build/arm_controllers': CMAKE_PREFIX_PATH=${CMAKE_PREFIX_PATH}:/opt/ros/humble /usr/bin/cmake /home/atte/advanced-robotics/exercise_2/src/edu-franka_simulation/arm_controllers -DCMAKE_INSTALL_PREFIX=/home/atte/advanced-robotics/exercise_2/install/arm_controllers
[2.968s] DEBUG:colcon.colcon_core.event_handler.log_command:Invoked command in '/home/atte/advanced-robotics/exercise_2/build/franka_description' returned '0': CMAKE_PREFIX_PATH=${CMAKE_PREFIX_PATH}:/opt/ros/humble /usr/bin/cmake /home/atte/advanced-robotics/exercise_2/src/edu-franka_simulation/franka_description -DCMAKE_INSTALL_PREFIX=/home/atte/advanced-robotics/exercise_2/install/franka_description
[2.969s] DEBUG:colcon.colcon_core.event_handler.log_command:Invoking command in '/home/atte/advanced-robotics/exercise_2/build/franka_description': CMAKE_PREFIX_PATH=${CMAKE_PREFIX_PATH}:/opt/ros/humble /usr/bin/cmake --build /home/atte/advanced-robotics/exercise_2/build/franka_description -- -j12 -l12
[3.001s] DEBUG:colcon.colcon_core.event_handler.log_command:Invoked command in '/home/atte/advanced-robotics/exercise_2/build/franka_description' returned '0': CMAKE_PREFIX_PATH=${CMAKE_PREFIX_PATH}:/opt/ros/humble /usr/bin/cmake --build /home/atte/advanced-robotics/exercise_2/build/franka_description -- -j12 -l12
[3.026s] DEBUG:colcon.colcon_core.event_handler.log_command:Invoking command in '/home/atte/advanced-robotics/exercise_2/build/franka_description': CMAKE_PREFIX_PATH=${CMAKE_PREFIX_PATH}:/opt/ros/humble /usr/bin/cmake --install /home/atte/advanced-robotics/exercise_2/build/franka_description
[3.057s] Level 1:colcon.colcon_core.environment:create_environment_scripts_only(franka_description)
[3.057s] DEBUG:colcon.colcon_core.event_handler.log_command:Invoked command in '/home/atte/advanced-robotics/exercise_2/build/franka_description' returned '0': CMAKE_PREFIX_PATH=${CMAKE_PREFIX_PATH}:/opt/ros/humble /usr/bin/cmake --install /home/atte/advanced-robotics/exercise_2/build/franka_description
[3.062s] Level 1:colcon.colcon_core.environment:checking '/home/atte/advanced-robotics/exercise_2/install/franka_description' for CMake module files
[3.062s] Level 1:colcon.colcon_core.environment:checking '/home/atte/advanced-robotics/exercise_2/install/franka_description' for CMake config files
[3.062s] Level 1:colcon.colcon_core.shell:create_environment_hook('franka_description', 'cmake_prefix_path')
[3.062s] INFO:colcon.colcon_core.shell:Creating environment hook '/home/atte/advanced-robotics/exercise_2/install/franka_description/share/franka_description/hook/cmake_prefix_path.ps1'
[3.063s] INFO:colcon.colcon_core.shell:Creating environment descriptor '/home/atte/advanced-robotics/exercise_2/install/franka_description/share/franka_description/hook/cmake_prefix_path.dsv'
[3.064s] INFO:colcon.colcon_core.shell:Creating environment hook '/home/atte/advanced-robotics/exercise_2/install/franka_description/share/franka_description/hook/cmake_prefix_path.sh'
[3.065s] Level 1:colcon.colcon_core.environment:checking '/home/atte/advanced-robotics/exercise_2/install/franka_description/bin'
[3.065s] Level 1:colcon.colcon_core.environment:checking '/home/atte/advanced-robotics/exercise_2/install/franka_description/lib/pkgconfig/franka_description.pc'
[3.065s] Level 1:colcon.colcon_core.environment:checking '/home/atte/advanced-robotics/exercise_2/install/franka_description/lib/python3.10/site-packages'
[3.065s] Level 1:colcon.colcon_core.environment:checking '/home/atte/advanced-robotics/exercise_2/install/franka_description/bin'
[3.065s] INFO:colcon.colcon_core.shell:Creating package script '/home/atte/advanced-robotics/exercise_2/install/franka_description/share/franka_description/package.ps1'
[3.066s] INFO:colcon.colcon_core.shell:Creating package descriptor '/home/atte/advanced-robotics/exercise_2/install/franka_description/share/franka_description/package.dsv'
[3.066s] INFO:colcon.colcon_core.shell:Creating package script '/home/atte/advanced-robotics/exercise_2/install/franka_description/share/franka_description/package.sh'
[3.067s] INFO:colcon.colcon_core.shell:Creating package script '/home/atte/advanced-robotics/exercise_2/install/franka_description/share/franka_description/package.bash'
[3.067s] INFO:colcon.colcon_core.shell:Creating package script '/home/atte/advanced-robotics/exercise_2/install/franka_description/share/franka_description/package.zsh'
[3.068s] Level 1:colcon.colcon_core.environment:create_file_with_runtime_dependencies(/home/atte/advanced-robotics/exercise_2/install/franka_description/share/colcon-core/packages/franka_description)
[3.088s] Level 1:colcon.colcon_core.environment:create_environment_scripts_only(franka_description)
[3.088s] Level 1:colcon.colcon_core.environment:checking '/home/atte/advanced-robotics/exercise_2/install/franka_description' for CMake module files
[3.088s] Level 1:colcon.colcon_core.environment:checking '/home/atte/advanced-robotics/exercise_2/install/franka_description' for CMake config files
[3.089s] Level 1:colcon.colcon_core.shell:create_environment_hook('franka_description', 'cmake_prefix_path')
[3.089s] INFO:colcon.colcon_core.shell:Creating environment hook '/home/atte/advanced-robotics/exercise_2/install/franka_description/share/franka_description/hook/cmake_prefix_path.ps1'
[3.089s] INFO:colcon.colcon_core.shell:Creating environment descriptor '/home/atte/advanced-robotics/exercise_2/install/franka_description/share/franka_description/hook/cmake_prefix_path.dsv'
[3.089s] INFO:colcon.colcon_core.shell:Creating environment hook '/home/atte/advanced-robotics/exercise_2/install/franka_description/share/franka_description/hook/cmake_prefix_path.sh'
[3.090s] Level 1:colcon.colcon_core.environment:checking '/home/atte/advanced-robotics/exercise_2/install/franka_description/bin'
[3.090s] Level 1:colcon.colcon_core.environment:checking '/home/atte/advanced-robotics/exercise_2/install/franka_description/lib/pkgconfig/franka_description.pc'
[3.090s] Level 1:colcon.colcon_core.environment:checking '/home/atte/advanced-robotics/exercise_2/install/franka_description/lib/python3.10/site-packages'
[3.090s] Level 1:colcon.colcon_core.environment:checking '/home/atte/advanced-robotics/exercise_2/install/franka_description/bin'
[3.090s] INFO:colcon.colcon_core.shell:Creating package script '/home/atte/advanced-robotics/exercise_2/install/franka_description/share/franka_description/package.ps1'
[3.090s] INFO:colcon.colcon_core.shell:Creating package descriptor '/home/atte/advanced-robotics/exercise_2/install/franka_description/share/franka_description/package.dsv'
[3.091s] INFO:colcon.colcon_core.shell:Creating package script '/home/atte/advanced-robotics/exercise_2/install/franka_description/share/franka_description/package.sh'
[3.091s] INFO:colcon.colcon_core.shell:Creating package script '/home/atte/advanced-robotics/exercise_2/install/franka_description/share/franka_description/package.bash'
[3.091s] INFO:colcon.colcon_core.shell:Creating package script '/home/atte/advanced-robotics/exercise_2/install/franka_description/share/franka_description/package.zsh'
[3.092s] Level 1:colcon.colcon_core.environment:create_file_with_runtime_dependencies(/home/atte/advanced-robotics/exercise_2/install/franka_description/share/colcon-core/packages/franka_description)
[3.092s] INFO:colcon.colcon_ros.task.ament_cmake.build:Building ROS package in '/home/atte/advanced-robotics/exercise_2/src/edu-franka_simulation/franka_gazebo' with build type 'ament_cmake'
[3.092s] INFO:colcon.colcon_cmake.task.cmake.build:Building CMake package in '/home/atte/advanced-robotics/exercise_2/src/edu-franka_simulation/franka_gazebo'
[3.092s] INFO:colcon.colcon_core.shell:Skip shell extension 'powershell' for command environment: Not usable outside of PowerShell
[3.092s] DEBUG:colcon.colcon_core.shell:Skip shell extension 'dsv' for command environment
[3.134s] DEBUG:colcon.colcon_core.event_handler.log_command:Invoking command in '/home/atte/advanced-robotics/exercise_2/build/franka_gazebo': CMAKE_PREFIX_PATH=/home/atte/advanced-robotics/exercise_2/install/franka_description:/home/atte/advanced-robotics/exercise_2/install/franka_gazebo:/opt/ros/humble /usr/bin/cmake /home/atte/advanced-robotics/exercise_2/src/edu-franka_simulation/franka_gazebo -DCMAKE_INSTALL_PREFIX=/home/atte/advanced-robotics/exercise_2/install/franka_gazebo
[8.378s] DEBUG:colcon.colcon_core.event_handler.log_command:Invoked command in '/home/atte/advanced-robotics/exercise_2/build/arm_controllers' returned '0': CMAKE_PREFIX_PATH=${CMAKE_PREFIX_PATH}:/opt/ros/humble /usr/bin/cmake /home/atte/advanced-robotics/exercise_2/src/edu-franka_simulation/arm_controllers -DCMAKE_INSTALL_PREFIX=/home/atte/advanced-robotics/exercise_2/install/arm_controllers
[8.378s] DEBUG:colcon.colcon_core.event_handler.log_command:Invoking command in '/home/atte/advanced-robotics/exercise_2/build/arm_controllers': CMAKE_PREFIX_PATH=${CMAKE_PREFIX_PATH}:/opt/ros/humble /usr/bin/cmake --build /home/atte/advanced-robotics/exercise_2/build/arm_controllers -- -j12 -l12
[16.175s] DEBUG:colcon.colcon_core.event_handler.log_command:Invoked command in '/home/atte/advanced-robotics/exercise_2/build/arm_controllers' returned '2': CMAKE_PREFIX_PATH=${CMAKE_PREFIX_PATH}:/opt/ros/humble /usr/bin/cmake --build /home/atte/advanced-robotics/exercise_2/build/arm_controllers -- -j12 -l12
[16.212s] Level 1:colcon.colcon_core.environment:create_environment_scripts_only(arm_controllers)
[16.212s] Level 1:colcon.colcon_core.environment:checking '/home/atte/advanced-robotics/exercise_2/install/arm_controllers' for CMake module files
[16.212s] Level 1:colcon.colcon_core.environment:checking '/home/atte/advanced-robotics/exercise_2/install/arm_controllers' for CMake config files
[16.212s] Level 1:colcon.colcon_core.environment:checking '/home/atte/advanced-robotics/exercise_2/install/arm_controllers/bin'
[16.213s] Level 1:colcon.colcon_core.environment:checking '/home/atte/advanced-robotics/exercise_2/install/arm_controllers/lib/pkgconfig/arm_controllers.pc'
[16.213s] Level 1:colcon.colcon_core.environment:checking '/home/atte/advanced-robotics/exercise_2/install/arm_controllers/lib/python3.10/site-packages'
[16.213s] Level 1:colcon.colcon_core.environment:checking '/home/atte/advanced-robotics/exercise_2/install/arm_controllers/bin'
[16.213s] INFO:colcon.colcon_core.shell:Creating package script '/home/atte/advanced-robotics/exercise_2/install/arm_controllers/share/arm_controllers/package.ps1'
[16.214s] INFO:colcon.colcon_core.shell:Creating package descriptor '/home/atte/advanced-robotics/exercise_2/install/arm_controllers/share/arm_controllers/package.dsv'
[16.215s] INFO:colcon.colcon_core.shell:Creating package script '/home/atte/advanced-robotics/exercise_2/install/arm_controllers/share/arm_controllers/package.sh'
[16.215s] INFO:colcon.colcon_core.shell:Creating package script '/home/atte/advanced-robotics/exercise_2/install/arm_controllers/share/arm_controllers/package.bash'
[16.215s] INFO:colcon.colcon_core.shell:Creating package script '/home/atte/advanced-robotics/exercise_2/install/arm_controllers/share/arm_controllers/package.zsh'
[16.216s] Level 1:colcon.colcon_core.environment:create_file_with_runtime_dependencies(/home/atte/advanced-robotics/exercise_2/install/arm_controllers/share/colcon-core/packages/arm_controllers)
[39.818s] DEBUG:colcon.colcon_parallel_executor.executor.parallel:closing loop
[39.818s] DEBUG:colcon.colcon_parallel_executor.executor.parallel:loop closed
[39.818s] DEBUG:colcon.colcon_parallel_executor.executor.parallel:run_until_complete finished with '2'
[39.818s] DEBUG:colcon.colcon_core.event_reactor:joining thread
[39.863s] INFO:colcon.colcon_core.plugin_system:Skipping extension 'colcon_notification.desktop_notification.notify_send': Could not find 'notify-send'
[39.863s] INFO:colcon.colcon_core.plugin_system:Skipping extension 'colcon_notification.desktop_notification.terminal_notifier': Not used on non-Darwin systems
[39.863s] INFO:colcon.colcon_core.plugin_system:Skipping extension 'colcon_notification.desktop_notification.win32': Not used on non-Windows systems
[39.863s] INFO:colcon.colcon_notification.desktop_notification:Sending desktop notification using 'notify2'
[39.865s] DEBUG:colcon.colcon_notification.desktop_notification.notify2:Failed to initialize notify2: org.freedesktop.DBus.Error.ServiceUnknown: The name org.freedesktop.Notifications was not provided by any .service files
[39.865s] DEBUG:colcon.colcon_core.event_reactor:joined thread
[39.865s] INFO:colcon.colcon_core.shell:Creating prefix script '/home/atte/advanced-robotics/exercise_2/install/local_setup.ps1'
[39.866s] INFO:colcon.colcon_core.shell:Creating prefix util module '/home/atte/advanced-robotics/exercise_2/install/_local_setup_util_ps1.py'
[39.867s] INFO:colcon.colcon_core.shell:Creating prefix chain script '/home/atte/advanced-robotics/exercise_2/install/setup.ps1'
[39.868s] INFO:colcon.colcon_core.shell:Creating prefix script '/home/atte/advanced-robotics/exercise_2/install/local_setup.sh'
[39.869s] INFO:colcon.colcon_core.shell:Creating prefix util module '/home/atte/advanced-robotics/exercise_2/install/_local_setup_util_sh.py'
[39.869s] INFO:colcon.colcon_core.shell:Creating prefix chain script '/home/atte/advanced-robotics/exercise_2/install/setup.sh'
[39.870s] INFO:colcon.colcon_core.shell:Creating prefix script '/home/atte/advanced-robotics/exercise_2/install/local_setup.bash'
[39.870s] INFO:colcon.colcon_core.shell:Creating prefix chain script '/home/atte/advanced-robotics/exercise_2/install/setup.bash'
[39.871s] INFO:colcon.colcon_core.shell:Creating prefix script '/home/atte/advanced-robotics/exercise_2/install/local_setup.zsh'
[39.872s] INFO:colcon.colcon_core.shell:Creating prefix chain script '/home/atte/advanced-robotics/exercise_2/install/setup.zsh'
