[0.014s] Invoking command in '/home/ilari/Documents/ROBO.720/Ex1/ros2_ws/build/ex1_fk': CMAKE_PREFIX_PATH=${CMAKE_PREFIX_PATH}:/opt/ros/humble /usr/bin/cmake --build /home/ilari/Documents/ROBO.720/Ex1/ros2_ws/build/ex1_fk -- -j12 -l12
[0.059s] [35m[1mConsolidate compiler generated dependencies of target eigen[0m
[0.073s] [ 50%] Built target kdl
[0.079s] [ 75%] [32mBuilding CXX object CMakeFiles/eigen.dir/src/eigen.cpp.o[0m
[1.329s] [100%] [32m[1mLinking CXX executable eigen[0m
[1.450s] [100%] Built target eigen
[1.463s] Invoked command in '/home/ilari/Documents/ROBO.720/Ex1/ros2_ws/build/ex1_fk' returned '0': CMAKE_PREFIX_PATH=${CMAKE_PREFIX_PATH}:/opt/ros/humble /usr/bin/cmake --build /home/ilari/Documents/ROBO.720/Ex1/ros2_ws/build/ex1_fk -- -j12 -l12
[1.476s] Invoking command in '/home/ilari/Documents/ROBO.720/Ex1/ros2_ws/build/ex1_fk': CMAKE_PREFIX_PATH=${CMAKE_PREFIX_PATH}:/opt/ros/humble /usr/bin/cmake --install /home/ilari/Documents/ROBO.720/Ex1/ros2_ws/build/ex1_fk
[1.484s] -- Install configuration: ""
[1.484s] -- Up-to-date: /home/ilari/Documents/ROBO.720/Ex1/ros2_ws/install/ex1_fk/lib/ex1_fk/kdl
[1.484s] -- Installing: /home/ilari/Documents/ROBO.720/Ex1/ros2_ws/install/ex1_fk/lib/ex1_fk/eigen
[1.485s] -- Up-to-date: /home/ilari/Documents/ROBO.720/Ex1/ros2_ws/install/ex1_fk/share/ament_index/resource_index/package_run_dependencies/ex1_fk
[1.485s] -- Up-to-date: /home/ilari/Documents/ROBO.720/Ex1/ros2_ws/install/ex1_fk/share/ament_index/resource_index/parent_prefix_path/ex1_fk
[1.486s] -- Up-to-date: /home/ilari/Documents/ROBO.720/Ex1/ros2_ws/install/ex1_fk/share/ex1_fk/environment/ament_prefix_path.sh
[1.486s] -- Up-to-date: /home/ilari/Documents/ROBO.720/Ex1/ros2_ws/install/ex1_fk/share/ex1_fk/environment/ament_prefix_path.dsv
[1.486s] -- Up-to-date: /home/ilari/Documents/ROBO.720/Ex1/ros2_ws/install/ex1_fk/share/ex1_fk/environment/path.sh
[1.486s] -- Up-to-date: /home/ilari/Documents/ROBO.720/Ex1/ros2_ws/install/ex1_fk/share/ex1_fk/environment/path.dsv
[1.486s] -- Up-to-date: /home/ilari/Documents/ROBO.720/Ex1/ros2_ws/install/ex1_fk/share/ex1_fk/local_setup.bash
[1.486s] -- Up-to-date: /home/ilari/Documents/ROBO.720/Ex1/ros2_ws/install/ex1_fk/share/ex1_fk/local_setup.sh
[1.486s] -- Up-to-date: /home/ilari/Documents/ROBO.720/Ex1/ros2_ws/install/ex1_fk/share/ex1_fk/local_setup.zsh
[1.486s] -- Up-to-date: /home/ilari/Documents/ROBO.720/Ex1/ros2_ws/install/ex1_fk/share/ex1_fk/local_setup.dsv
[1.486s] -- Installing: /home/ilari/Documents/ROBO.720/Ex1/ros2_ws/install/ex1_fk/share/ex1_fk/package.dsv
[1.486s] -- Up-to-date: /home/ilari/Documents/ROBO.720/Ex1/ros2_ws/install/ex1_fk/share/ament_index/resource_index/packages/ex1_fk
[1.486s] -- Up-to-date: /home/ilari/Documents/ROBO.720/Ex1/ros2_ws/install/ex1_fk/share/ex1_fk/cmake/ex1_fkConfig.cmake
[1.487s] -- Up-to-date: /home/ilari/Documents/ROBO.720/Ex1/ros2_ws/install/ex1_fk/share/ex1_fk/cmake/ex1_fkConfig-version.cmake
[1.487s] -- Up-to-date: /home/ilari/Documents/ROBO.720/Ex1/ros2_ws/install/ex1_fk/share/ex1_fk/package.xml
[1.489s] Invoked command in '/home/ilari/Documents/ROBO.720/Ex1/ros2_ws/build/ex1_fk' returned '0': CMAKE_PREFIX_PATH=${CMAKE_PREFIX_PATH}:/opt/ros/humble /usr/bin/cmake --install /home/ilari/Documents/ROBO.720/Ex1/ros2_ws/build/ex1_fk
