[0.012s] Invoking command in '/home/ilari/Documents/ROBO.720/Ex1/ros2_ws/build/ex1_fk': CMAKE_PREFIX_PATH=${CMAKE_PREFIX_PATH}:/opt/ros/humble /usr/bin/cmake --build /home/ilari/Documents/ROBO.720/Ex1/ros2_ws/build/ex1_fk -- -j12 -l12
[0.059s] [35m[1mConsolidate compiler generated dependencies of target eigen[0m
[0.073s] [ 50%] Built target kdl
[0.077s] [ 75%] [32mBuilding CXX object CMakeFiles/eigen.dir/src/eigen.cpp.o[0m
[1.043s] In file included from [01m[K/usr/include/eigen3/Eigen/Core:164[m[K,
[1.043s]                  from [01m[K/usr/include/kdl/jacobian.hpp:26[m[K,
[1.043s]                  from [01m[K/usr/include/kdl/jntarray.hpp:26[m[K,
[1.043s]                  from [01m[K/home/ilari/Documents/ROBO.720/Ex1/ros2_ws/src/ex1_fk/src/eigen.cpp:12[m[K:
[1.043s] /usr/include/eigen3/Eigen/src/Core/GeneralProduct.h: In instantiation of ‘[01m[Kconst Eigen::Product<Derived, OtherDerived> Eigen::MatrixBase<Derived>::operator*(const Eigen::MatrixBase<OtherDerived>&) const [with OtherDerived = Eigen::Transpose<Eigen::Matrix<float, 4, 1> >; Derived = Eigen::Matrix<float, 4, 4>][m[K’:
[1.043s] [01m[K/home/ilari/Documents/ROBO.720/Ex1/ros2_ws/src/ex1_fk/src/eigen.cpp:60:39:[m[K   required from here
[1.043s] [01m[K/usr/include/eigen3/Eigen/src/Core/GeneralProduct.h:419:3:[m[K [01;31m[Kerror: [m[Kstatic assertion failed: INVALID_MATRIX_PRODUCT
[1.043s]   419 |   [01;31m[KEIGEN_STATIC_ASSERT[m[K(ProductIsValid || SameSizes, INVALID_MATRIX_PRODUCT)
[1.044s]       |   [01;31m[K^~~~~~~~~~~~~~~~~~~[m[K
[1.044s] [01m[K/usr/include/eigen3/Eigen/src/Core/GeneralProduct.h:419:3:[m[K [01;36m[Knote: [m[K‘[01m[K(false || false)[m[K’ evaluates to false
[1.123s] /usr/include/eigen3/Eigen/src/Core/GeneralProduct.h: In instantiation of ‘[01m[Kconst Eigen::Product<Derived, OtherDerived, 1> Eigen::MatrixBase<Derived>::lazyProduct(const Eigen::MatrixBase<OtherDerived>&) const [with OtherDerived = Eigen::Transpose<Eigen::Matrix<float, 4, 1> >; Derived = Eigen::Matrix<float, 4, 4>][m[K’:
[1.123s] [01m[K/usr/include/eigen3/Eigen/src/Core/ProductEvaluators.h:402:50:[m[K   required from ‘[01m[Kstatic void Eigen::internal::generic_product_impl<Lhs, Rhs, Eigen::DenseShape, Eigen::DenseShape, 3>::evalTo(Dst&, const Lhs&, const Rhs&) [with Dst = Eigen::Matrix<float, 4, 4>; Lhs = Eigen::Matrix<float, 4, 4>; Rhs = Eigen::Transpose<Eigen::Matrix<float, 4, 1> >][m[K’
[1.123s] [01m[K/usr/include/eigen3/Eigen/src/Core/ProductEvaluators.h:148:43:[m[K   required from ‘[01m[Kstatic void Eigen::internal::Assignment<DstXprType, Eigen::Product<Lhs, Rhs, Options>, Eigen::internal::assign_op<Scalar, Scalar>, Eigen::internal::Dense2Dense, typename Eigen::internal::enable_if<((Options == Eigen::DefaultProduct) || (Options == Eigen::AliasFreeProduct))>::type>::run(DstXprType&, const SrcXprType&, const Eigen::internal::assign_op<Scalar, Scalar>&) [with DstXprType = Eigen::Matrix<float, 4, 4>; Lhs = Eigen::Matrix<float, 4, 4>; Rhs = Eigen::Transpose<Eigen::Matrix<float, 4, 1> >; int Options = 0; Scalar = float; Eigen::internal::Assignment<DstXprType, Eigen::Product<Lhs, Rhs, Options>, Eigen::internal::assign_op<Scalar, Scalar>, Eigen::internal::Dense2Dense, typename Eigen::internal::enable_if<((Options == Eigen::DefaultProduct) || (Options == Eigen::AliasFreeProduct))>::type>::SrcXprType = Eigen::Product<Eigen::Matrix<float, 4, 4>, Eigen::Transpose<Eigen::Matrix<float, 4, 1> >, 0>][m[K’
[1.123s] [01m[K/usr/include/eigen3/Eigen/src/Core/AssignEvaluator.h:890:49:[m[K   required from ‘[01m[Kvoid Eigen::internal::call_assignment_no_alias(Dst&, const Src&, const Func&) [with Dst = Eigen::Matrix<float, 4, 4>; Src = Eigen::Product<Eigen::Matrix<float, 4, 4>, Eigen::Transpose<Eigen::Matrix<float, 4, 1> >, 0>; Func = Eigen::internal::assign_op<float, float>][m[K’
[1.123s] [01m[K/usr/include/eigen3/Eigen/src/Core/PlainObjectBase.h:797:41:[m[K   required from ‘[01m[KDerived& Eigen::PlainObjectBase<Derived>::_set_noalias(const Eigen::DenseBase<OtherDerived>&) [with OtherDerived = Eigen::Product<Eigen::Matrix<float, 4, 4>, Eigen::Transpose<Eigen::Matrix<float, 4, 1> >, 0>; Derived = Eigen::Matrix<float, 4, 4>][m[K’
[1.123s] [01m[K/usr/include/eigen3/Eigen/src/Core/PlainObjectBase.h:883:25:[m[K   required from ‘[01m[Kvoid Eigen::PlainObjectBase<Derived>::_init1(const Eigen::DenseBase<ElseDerived>&) [with T = Eigen::Product<Eigen::Matrix<float, 4, 4>, Eigen::Transpose<Eigen::Matrix<float, 4, 1> >, 0>; OtherDerived = Eigen::Product<Eigen::Matrix<float, 4, 4>, Eigen::Transpose<Eigen::Matrix<float, 4, 1> >, 0>; Derived = Eigen::Matrix<float, 4, 4>][m[K’
[1.124s] [01m[K/usr/include/eigen3/Eigen/src/Core/Matrix.h:332:31:[m[K   required from ‘[01m[KEigen::Matrix<_Scalar, _Rows, _Cols, _Options, _MaxRows, _MaxCols>::Matrix(const T&) [with T = Eigen::Product<Eigen::Matrix<float, 4, 4>, Eigen::Transpose<Eigen::Matrix<float, 4, 1> >, 0>; _Scalar = float; int _Rows = 4; int _Cols = 4; int _Options = 0; int _MaxRows = 4; int _MaxCols = 4][m[K’
[1.124s] [01m[K/usr/include/eigen3/Eigen/src/Core/AssignEvaluator.h:850:41:[m[K   required from ‘[01m[Kvoid Eigen::internal::call_assignment(Dst&, const Src&, const Func&, typename Eigen::internal::enable_if<Eigen::internal::evaluator_assume_aliasing<Src>::value, void*>::type) [with Dst = Eigen::Matrix<float, 4, 4>; Src = Eigen::Product<Eigen::Matrix<float, 4, 4>, Eigen::Transpose<Eigen::Matrix<float, 4, 1> >, 0>; Func = Eigen::internal::assign_op<float, float>; typename Eigen::internal::enable_if<Eigen::internal::evaluator_assume_aliasing<Src>::value, void*>::type = void*; typename Eigen::internal::evaluator_traits<SrcXprType>::Shape = Eigen::DenseShape][m[K’
[1.124s] [01m[K/usr/include/eigen3/Eigen/src/Core/AssignEvaluator.h:836:18:[m[K   required from ‘[01m[Kvoid Eigen::internal::call_assignment(Dst&, const Src&) [with Dst = Eigen::Matrix<float, 4, 4>; Src = Eigen::Product<Eigen::Matrix<float, 4, 4>, Eigen::Transpose<Eigen::Matrix<float, 4, 1> >, 0>][m[K’
[1.124s] [01m[K/usr/include/eigen3/Eigen/src/Core/PlainObjectBase.h:779:32:[m[K   required from ‘[01m[KDerived& Eigen::PlainObjectBase<Derived>::_set(const Eigen::DenseBase<OtherDerived>&) [with OtherDerived = Eigen::Product<Eigen::Matrix<float, 4, 4>, Eigen::Transpose<Eigen::Matrix<float, 4, 1> >, 0>; Derived = Eigen::Matrix<float, 4, 4>][m[K’
[1.124s] [01m[K/usr/include/eigen3/Eigen/src/Core/Matrix.h:225:24:[m[K   required from ‘[01m[KEigen::Matrix<_Scalar, _Rows, _Cols, _Options, _MaxRows, _MaxCols>& Eigen::Matrix<_Scalar, _Rows, _Cols, _Options, _MaxRows, _MaxCols>::operator=(const Eigen::DenseBase<OtherDerived>&) [with OtherDerived = Eigen::Product<Eigen::Matrix<float, 4, 4>, Eigen::Transpose<Eigen::Matrix<float, 4, 1> >, 0>; _Scalar = float; int _Rows = 4; int _Cols = 4; int _Options = 0; int _MaxRows = 4; int _MaxCols = 4][m[K’
[1.124s] [01m[K/home/ilari/Documents/ROBO.720/Ex1/ros2_ws/src/ex1_fk/src/eigen.cpp:60:39:[m[K   required from here
[1.124s] [01m[K/usr/include/eigen3/Eigen/src/Core/GeneralProduct.h:458:3:[m[K [01;31m[Kerror: [m[Kstatic assertion failed: INVALID_MATRIX_PRODUCT
[1.124s]   458 |   [01;31m[KEIGEN_STATIC_ASSERT[m[K(ProductIsValid || SameSizes, INVALID_MATRIX_PRODUCT)
[1.124s]       |   [01;31m[K^~~~~~~~~~~~~~~~~~~[m[K
[1.124s] [01m[K/usr/include/eigen3/Eigen/src/Core/GeneralProduct.h:458:3:[m[K [01;36m[Knote: [m[K‘[01m[K(false || false)[m[K’ evaluates to false
[1.191s] gmake[2]: *** [CMakeFiles/eigen.dir/build.make:76: CMakeFiles/eigen.dir/src/eigen.cpp.o] Error 1
[1.191s] gmake[1]: *** [CMakeFiles/Makefile2:165: CMakeFiles/eigen.dir/all] Error 2
[1.191s] gmake: *** [Makefile:146: all] Error 2
[1.195s] Invoked command in '/home/ilari/Documents/ROBO.720/Ex1/ros2_ws/build/ex1_fk' returned '2': CMAKE_PREFIX_PATH=${CMAKE_PREFIX_PATH}:/opt/ros/humble /usr/bin/cmake --build /home/ilari/Documents/ROBO.720/Ex1/ros2_ws/build/ex1_fk -- -j12 -l12
