[0.045s] Invoking command in '/home/ilari/Documents/ROBO.720/Ex1/ros2_ws/build/ex1_fk': CMAKE_PREFIX_PATH=${CMAKE_PREFIX_PATH}:/opt/ros/humble /usr/bin/cmake --build /home/ilari/Documents/ROBO.720/Ex1/ros2_ws/build/ex1_fk -- -j12 -l12
[0.082s] -- Found ament_cmake: 1.3.12 (/opt/ros/humble/share/ament_cmake/cmake)
[0.254s] -- Found ament_lint_auto: 0.12.14 (/opt/ros/humble/share/ament_lint_auto/cmake)
[0.342s] -- Added test 'cppcheck' to perform static code analysis on C / C++ code
[0.342s] -- Configured cppcheck include dirs: 
[0.343s] -- Configured cppcheck exclude dirs and/or files: 
[0.343s] -- Added test 'lint_cmake' to check CMake code style
[0.344s] -- Added test 'uncrustify' to check C / C++ code style
[0.344s] -- Configured uncrustify additional arguments: 
[0.344s] -- Added test 'xmllint' to check XML markup files
[0.346s] -- Configuring done
[0.353s] -- Generating done
[0.356s] -- Build files have been written to: /home/ilari/Documents/ROBO.720/Ex1/ros2_ws/build/ex1_fk
[0.410s] [ 50%] [32mBuilding CXX object CMakeFiles/kdl.dir/src/kdl.cpp.o[0m
[0.499s] In file included from [01m[K/usr/include/kdl/jntarray.hpp:26[m[K,
[0.499s]                  from [01m[K/home/ilari/Documents/ROBO.720/Ex1/ros2_ws/src/ex1_fk/src/kdl.cpp:18[m[K:
[0.499s] [01m[K/usr/include/kdl/jacobian.hpp:26:10:[m[K [01;31m[Kfatal error: [m[KEigen/Core: No such file or directory
[0.499s]    26 | #include [01;31m[K<Eigen/Core>[m[K
[0.499s]       |          [01;31m[K^~~~~~~~~~~~[m[K
[0.500s] compilation terminated.
[0.502s] gmake[2]: *** [CMakeFiles/kdl.dir/build.make:76: CMakeFiles/kdl.dir/src/kdl.cpp.o] Error 1
[0.503s] gmake[1]: *** [CMakeFiles/Makefile2:137: CMakeFiles/kdl.dir/all] Error 2
[0.503s] gmake: *** [Makefile:146: all] Error 2
[0.509s] Invoked command in '/home/ilari/Documents/ROBO.720/Ex1/ros2_ws/build/ex1_fk' returned '2': CMAKE_PREFIX_PATH=${CMAKE_PREFIX_PATH}:/opt/ros/humble /usr/bin/cmake --build /home/ilari/Documents/ROBO.720/Ex1/ros2_ws/build/ex1_fk -- -j12 -l12
