[0.041s] Invoking command in '/home/atte/advanced-robotics/exercise_2/build/franka_gazebo': CMAKE_PREFIX_PATH=/home/atte/advanced-robotics/exercise_2/install/franka_description:/home/atte/advanced-robotics/exercise_2/install/franka_gazebo:/opt/ros/humble /usr/bin/cmake /home/atte/advanced-robotics/exercise_2/src/edu-franka_simulation/franka_gazebo -DCMAKE_INSTALL_PREFIX=/home/atte/advanced-robotics/exercise_2/install/franka_gazebo
[0.151s] -- The C compiler identification is GNU 11.4.0
[0.564s] -- The CXX compiler identification is GNU 11.4.0
[0.848s] -- Detecting C compiler ABI info
[0.973s] -- Detecting C compiler ABI info - done
[0.977s] -- Check for working C compiler: /usr/bin/cc - skipped
[0.978s] -- Detecting C compile features
[0.978s] -- Detecting C compile features - done
[0.980s] -- Detecting CXX compiler ABI info
[1.117s] -- Detecting CXX compiler ABI info - done
[1.121s] -- Check for working CXX compiler: /usr/bin/c++ - skipped
[1.121s] -- Detecting CXX compile features
[1.122s] -- Detecting CXX compile features - done
[1.124s] -- Found ament_cmake: 1.3.10 (/opt/ros/humble/share/ament_cmake/cmake)
[1.239s] -- Found Python3: /usr/bin/python3 (found version "3.10.12") found components: Interpreter 
[1.309s] -- Found ros_gz: 0.244.20 (/opt/ros/humble/share/ros_gz/cmake)
[1.312s] -- Found gazebo_ros: 3.7.0 (/opt/ros/humble/share/gazebo_ros/cmake)
[1.466s] -- Found rosidl_generator_c: 3.1.5 (/opt/ros/humble/share/rosidl_generator_c/cmake)
[1.470s] -- Found rosidl_adapter: 3.1.5 (/opt/ros/humble/share/rosidl_adapter/cmake)
[1.476s] -- Found rosidl_generator_cpp: 3.1.5 (/opt/ros/humble/share/rosidl_generator_cpp/cmake)
[1.485s] -- Using all available rosidl_typesupport_c: rosidl_typesupport_fastrtps_c;rosidl_typesupport_introspection_c
[1.498s] -- Using all available rosidl_typesupport_cpp: rosidl_typesupport_fastrtps_cpp;rosidl_typesupport_introspection_cpp
[1.540s] -- Found rmw_implementation_cmake: 6.1.2 (/opt/ros/humble/share/rmw_implementation_cmake/cmake)
[1.542s] -- Found rmw_fastrtps_cpp: 6.2.7 (/opt/ros/humble/share/rmw_fastrtps_cpp/cmake)
[2.763s] -- Found OpenSSL: /usr/lib/x86_64-linux-gnu/libcrypto.so (found version "3.0.2")  
[4.109s] -- Found FastRTPS: /opt/ros/humble/include  
[6.365s] -- Using RMW implementation 'rmw_fastrtps_cpp' as default
[6.372s] -- Looking for pthread.h
[6.524s] -- Looking for pthread.h - found
[6.524s] -- Performing Test CMAKE_HAVE_LIBC_PTHREAD
[6.675s] -- Performing Test CMAKE_HAVE_LIBC_PTHREAD - Success
[6.676s] -- Found Threads: TRUE  
[6.734s] -- Found PkgConfig: /usr/bin/pkg-config (found version "0.29.2") 
[6.735s] -- Checking for module 'bullet>=2.82'
[6.748s] --   Found bullet, version 3.05
[6.897s] -- Found fcl: /usr/include (found suitable version "0.7.0", minimum required is "0.5.0") 
[6.946s] -- Found assimp: /usr/include (found version "5.2.0") 
[6.966s] -- Found DART: /usr/include (Required is at least version "6.6") found components: dart 
[6.997s] -- Found Boost: /usr/lib/x86_64-linux-gnu/cmake/Boost-1.74.0/BoostConfig.cmake (found suitable version "1.74.0", minimum required is "1.40.0") found components: thread system filesystem program_options regex iostreams date_time 
[7.401s] -- Found Protobuf: /usr/lib/x86_64-linux-gnu/libprotobuf.so (found version "3.12.4") 
[7.407s] -- Looking for ignition-math6 -- found version 6.15.1
[7.419s] -- Searching for dependencies of ignition-math6
[7.422s] -- Looking for OGRE...
[7.422s] -- OGRE_PREFIX_WATCH changed.
[7.427s] -- Checking for module 'OGRE'
[7.440s] --   Found OGRE, version 1.9.0
[7.473s] -- Found Ogre Ghadamon (1.9.0)
[7.892s] -- Found OGRE: optimized;/usr/lib/x86_64-linux-gnu/libOgreMain.so;debug;/usr/lib/x86_64-linux-gnu/libOgreMain.so
[7.899s] -- Looking for OGRE_Paging...
[8.283s] -- Found OGRE_Paging: optimized;/usr/lib/x86_64-linux-gnu/libOgrePaging.so;debug;/usr/lib/x86_64-linux-gnu/libOgrePaging.so
[8.283s] -- Looking for OGRE_Terrain...
[8.695s] -- Found OGRE_Terrain: optimized;/usr/lib/x86_64-linux-gnu/libOgreTerrain.so;debug;/usr/lib/x86_64-linux-gnu/libOgreTerrain.so
[8.695s] -- Looking for OGRE_Property...
[9.099s] -- Found OGRE_Property: optimized;/usr/lib/x86_64-linux-gnu/libOgreProperty.so;debug;/usr/lib/x86_64-linux-gnu/libOgreProperty.so
[9.099s] -- Looking for OGRE_RTShaderSystem...
[9.493s] -- Found OGRE_RTShaderSystem: optimized;/usr/lib/x86_64-linux-gnu/libOgreRTShaderSystem.so;debug;/usr/lib/x86_64-linux-gnu/libOgreRTShaderSystem.so
[9.493s] -- Looking for OGRE_Volume...
[9.871s] -- Found OGRE_Volume: optimized;/usr/lib/x86_64-linux-gnu/libOgreVolume.so;debug;/usr/lib/x86_64-linux-gnu/libOgreVolume.so
[9.871s] -- Looking for OGRE_Overlay...
[10.250s] -- Found OGRE_Overlay: optimized;/usr/lib/x86_64-linux-gnu/libOgreOverlay.so;debug;/usr/lib/x86_64-linux-gnu/libOgreOverlay.so
[27.652s] -- Looking for ignition-math6 -- found version 6.15.1
[27.654s] -- Looking for ignition-transport8 -- found version 8.2.1
[27.654s] -- Searching for dependencies of ignition-transport8
[28.633s] -- Found Protobuf: /usr/lib/x86_64-linux-gnu/libprotobuf.so (found suitable version "3.12.4", minimum required is "3") 
[29.613s] -- Config-file not installed for ZeroMQ -- checking for pkg-config
[29.618s] -- Checking for module 'libzmq >= 4'
[29.631s] --   Found libzmq , version 4.3.4
[29.663s] -- Found ZeroMQ: TRUE (Required is at least version "4") 
[29.699s] -- Checking for module 'uuid'
[29.710s] --   Found uuid, version 2.37.2
[29.738s] -- Found UUID: TRUE  
[29.740s] -- Looking for ignition-msgs5 -- found version 5.8.1
[29.741s] -- Searching for dependencies of ignition-msgs5
[30.759s] -- Looking for ignition-math6 -- found version 6.15.1
[30.764s] -- Checking for module 'tinyxml2'
[30.775s] --   Found tinyxml2, version 9.0.0
[30.806s] -- Looking for ignition-msgs5 -- found version 5.8.1
[30.808s] -- Looking for ignition-common3 -- found version 3.14.0
[30.808s] -- Searching for dependencies of ignition-common3
[30.842s] -- Looking for dlfcn.h - found
[30.875s] -- Looking for libdl - found
[30.876s] -- Found DL: TRUE  
[30.953s] -- Found tinyobjloader: /usr/lib/x86_64-linux-gnu/cmake/tinyobjloader/tinyobjloader-config.cmake (found version "2.0.0") 
[30.954s] -- Searching for <ignition-common3> component [graphics]
[30.956s] -- Looking for ignition-common3-graphics -- found version 3.14.0
[30.957s] -- Searching for dependencies of ignition-common3-graphics
[30.957s] -- Looking for ignition-math6 -- found version 6.15.1
[30.960s] -- Looking for ignition-fuel_tools4 -- found version 4.4.0
[30.961s] -- Searching for dependencies of ignition-fuel_tools4
[32.292s] -- Found CURL: /usr/lib/x86_64-linux-gnu/libcurl.so (found version "7.81.0")  
[32.301s] -- Checking for module 'jsoncpp'
[32.315s] --   Found jsoncpp, version 1.9.5
[32.346s] -- Found JSONCPP: TRUE  
[32.352s] -- Checking for module 'libzip'
[32.365s] --   Found libzip, version 1.7.3
[32.397s] -- Found ZIP: TRUE  
[32.398s] -- Looking for ignition-common3 -- found version 3.14.0
[32.398s] -- Looking for ignition-math6 -- found version 6.15.1
[32.398s] -- Looking for ignition-msgs5 -- found version 5.8.1
[32.403s] -- Gazebo version: 11.10
[32.403s] -- Checking for module 'tbb'
[32.416s] --   Found tbb, version 2021.5.0
[32.449s] -- Found gazebo_ros2_control: 0.4.10 (/opt/ros/humble/share/gazebo_ros2_control/cmake)
[33.863s] -- Found franka_description: 0.1.0 (/home/atte/advanced-robotics/exercise_2/install/franka_description/share/franka_description/cmake)
[33.909s] -- Configuring done
[33.918s] -- Generating done
[33.920s] -- Build files have been written to: /home/atte/advanced-robotics/exercise_2/build/franka_gazebo
