[0.013s] Invoking command in '/home/ilari/Documents/ROBO.720/Ex1/ros2_ws/build/ex1_fk': CMAKE_PREFIX_PATH=${CMAKE_PREFIX_PATH}:/opt/ros/humble /usr/bin/cmake --build /home/ilari/Documents/ROBO.720/Ex1/ros2_ws/build/ex1_fk -- -j12 -l12
[0.058s] [35m[1mConsolidate compiler generated dependencies of target eigen[0m
[0.070s] [ 50%] Built target kdl
[0.076s] [ 75%] [32mBuilding CXX object CMakeFiles/eigen.dir/src/eigen.cpp.o[0m
[1.002s] [01m[K/home/ilari/Documents/ROBO.720/Ex1/ros2_ws/src/ex1_fk/src/eigen.cpp:[m[K In function ‘[01m[Kint main()[m[K’:
[1.002s] [01m[K/home/ilari/Documents/ROBO.720/Ex1/ros2_ws/src/ex1_fk/src/eigen.cpp:57:21:[m[K [01;35m[Kwarning: [m[Kvariable ‘[01m[Kvec[m[K’ set but not used [[01;35m[K]8;;https://gcc.gnu.org/onlinedocs/gcc/Warning-Options.html#index-Wunused-but-set-variable-Wunused-but-set-variable]8;;[m[K]
[1.002s]    57 |     Eigen::Vector4f [01;35m[Kvec[m[K = Eigen::Vector4f(0.0, 0.0, 0.0, 1.0);
[1.002s]       |                     [01;35m[K^~~[m[K
[1.294s] [100%] [32m[1mLinking CXX executable eigen[0m
[1.424s] [100%] Built target eigen
[1.438s] Invoked command in '/home/ilari/Documents/ROBO.720/Ex1/ros2_ws/build/ex1_fk' returned '0': CMAKE_PREFIX_PATH=${CMAKE_PREFIX_PATH}:/opt/ros/humble /usr/bin/cmake --build /home/ilari/Documents/ROBO.720/Ex1/ros2_ws/build/ex1_fk -- -j12 -l12
[1.450s] Invoking command in '/home/ilari/Documents/ROBO.720/Ex1/ros2_ws/build/ex1_fk': CMAKE_PREFIX_PATH=${CMAKE_PREFIX_PATH}:/opt/ros/humble /usr/bin/cmake --install /home/ilari/Documents/ROBO.720/Ex1/ros2_ws/build/ex1_fk
[1.458s] -- Install configuration: ""
[1.458s] -- Up-to-date: /home/ilari/Documents/ROBO.720/Ex1/ros2_ws/install/ex1_fk/lib/ex1_fk/kdl
[1.458s] -- Installing: /home/ilari/Documents/ROBO.720/Ex1/ros2_ws/install/ex1_fk/lib/ex1_fk/eigen
[1.459s] -- Up-to-date: /home/ilari/Documents/ROBO.720/Ex1/ros2_ws/install/ex1_fk/share/ament_index/resource_index/package_run_dependencies/ex1_fk
[1.459s] -- Up-to-date: /home/ilari/Documents/ROBO.720/Ex1/ros2_ws/install/ex1_fk/share/ament_index/resource_index/parent_prefix_path/ex1_fk
[1.459s] -- Up-to-date: /home/ilari/Documents/ROBO.720/Ex1/ros2_ws/install/ex1_fk/share/ex1_fk/environment/ament_prefix_path.sh
[1.459s] -- Up-to-date: /home/ilari/Documents/ROBO.720/Ex1/ros2_ws/install/ex1_fk/share/ex1_fk/environment/ament_prefix_path.dsv
[1.459s] -- Up-to-date: /home/ilari/Documents/ROBO.720/Ex1/ros2_ws/install/ex1_fk/share/ex1_fk/environment/path.sh
[1.459s] -- Up-to-date: /home/ilari/Documents/ROBO.720/Ex1/ros2_ws/install/ex1_fk/share/ex1_fk/environment/path.dsv
[1.459s] -- Up-to-date: /home/ilari/Documents/ROBO.720/Ex1/ros2_ws/install/ex1_fk/share/ex1_fk/local_setup.bash
[1.459s] -- Up-to-date: /home/ilari/Documents/ROBO.720/Ex1/ros2_ws/install/ex1_fk/share/ex1_fk/local_setup.sh
[1.460s] -- Up-to-date: /home/ilari/Documents/ROBO.720/Ex1/ros2_ws/install/ex1_fk/share/ex1_fk/local_setup.zsh
[1.460s] -- Up-to-date: /home/ilari/Documents/ROBO.720/Ex1/ros2_ws/install/ex1_fk/share/ex1_fk/local_setup.dsv
[1.460s] -- Installing: /home/ilari/Documents/ROBO.720/Ex1/ros2_ws/install/ex1_fk/share/ex1_fk/package.dsv
[1.460s] -- Up-to-date: /home/ilari/Documents/ROBO.720/Ex1/ros2_ws/install/ex1_fk/share/ament_index/resource_index/packages/ex1_fk
[1.460s] -- Up-to-date: /home/ilari/Documents/ROBO.720/Ex1/ros2_ws/install/ex1_fk/share/ex1_fk/cmake/ex1_fkConfig.cmake
[1.460s] -- Up-to-date: /home/ilari/Documents/ROBO.720/Ex1/ros2_ws/install/ex1_fk/share/ex1_fk/cmake/ex1_fkConfig-version.cmake
[1.460s] -- Up-to-date: /home/ilari/Documents/ROBO.720/Ex1/ros2_ws/install/ex1_fk/share/ex1_fk/package.xml
[1.462s] Invoked command in '/home/ilari/Documents/ROBO.720/Ex1/ros2_ws/build/ex1_fk' returned '0': CMAKE_PREFIX_PATH=${CMAKE_PREFIX_PATH}:/opt/ros/humble /usr/bin/cmake --install /home/ilari/Documents/ROBO.720/Ex1/ros2_ws/build/ex1_fk
