[0.041s] Invoking command in '/home/atte/advanced-robotics/exercise_2/build/franka_gazebo': CMAKE_PREFIX_PATH=/home/atte/advanced-robotics/exercise_2/install/franka_description:/home/atte/advanced-robotics/exercise_2/install/franka_gazebo:/opt/ros/humble /usr/bin/cmake --build /home/atte/advanced-robotics/exercise_2/build/franka_gazebo -- -j12 -l12
[0.078s] Invoked command in '/home/atte/advanced-robotics/exercise_2/build/franka_gazebo' returned '0': CMAKE_PREFIX_PATH=/home/atte/advanced-robotics/exercise_2/install/franka_description:/home/atte/advanced-robotics/exercise_2/install/franka_gazebo:/opt/ros/humble /usr/bin/cmake --build /home/atte/advanced-robotics/exercise_2/build/franka_gazebo -- -j12 -l12
[0.098s] Invoking command in '/home/atte/advanced-robotics/exercise_2/build/franka_gazebo': CMAKE_PREFIX_PATH=/home/atte/advanced-robotics/exercise_2/install/franka_description:/home/atte/advanced-robotics/exercise_2/install/franka_gazebo:/opt/ros/humble /usr/bin/cmake --install /home/atte/advanced-robotics/exercise_2/build/franka_gazebo
[0.103s] -- Install configuration: ""
[0.104s] -- Installing: /home/atte/advanced-robotics/exercise_2/install/franka_gazebo/share/franka_gazebo/launch
[0.105s] -- Installing: /home/atte/advanced-robotics/exercise_2/install/franka_gazebo/share/franka_gazebo/launch/time_delay_controller.launch.py
[0.106s] -- Installing: /home/atte/advanced-robotics/exercise_2/install/franka_gazebo/share/franka_gazebo/launch/computed_torque_controller.launch.py
[0.106s] -- Installing: /home/atte/advanced-robotics/exercise_2/install/franka_gazebo/share/franka_gazebo/launch/compliance_environment.launch.py
[0.106s] -- Installing: /home/atte/advanced-robotics/exercise_2/install/franka_gazebo/share/franka_gazebo/config
[0.107s] -- Installing: /home/atte/advanced-robotics/exercise_2/install/franka_gazebo/share/franka_gazebo/config/franka_controllers.yaml
[0.107s] -- Installing: /home/atte/advanced-robotics/exercise_2/install/franka_gazebo/share/franka_gazebo/config/ft_world.sdf
[0.107s] -- Installing: /home/atte/advanced-robotics/exercise_2/install/franka_gazebo/share/franka_gazebo/example_controllers_launch
[0.108s] -- Installing: /home/atte/advanced-robotics/exercise_2/install/franka_gazebo/share/franka_gazebo/example_controllers_launch/joint_impedance_example_controller.launch.py
[0.108s] -- Installing: /home/atte/advanced-robotics/exercise_2/install/franka_gazebo/share/franka_gazebo/example_controllers_launch/joint_position_example_controller.launch.py
[0.109s] -- Installing: /home/atte/advanced-robotics/exercise_2/install/franka_gazebo/share/franka_gazebo/example_controllers_launch/joint_velocity_example_controller.launch.py
[0.110s] -- Installing: /home/atte/advanced-robotics/exercise_2/install/franka_gazebo/share/ament_index/resource_index/package_run_dependencies/franka_gazebo
[0.110s] -- Installing: /home/atte/advanced-robotics/exercise_2/install/franka_gazebo/share/ament_index/resource_index/parent_prefix_path/franka_gazebo
[0.111s] -- Installing: /home/atte/advanced-robotics/exercise_2/install/franka_gazebo/share/franka_gazebo/environment/ament_prefix_path.sh
[0.111s] -- Installing: /home/atte/advanced-robotics/exercise_2/install/franka_gazebo/share/franka_gazebo/environment/ament_prefix_path.dsv
[0.112s] -- Installing: /home/atte/advanced-robotics/exercise_2/install/franka_gazebo/share/franka_gazebo/environment/path.sh
[0.112s] -- Installing: /home/atte/advanced-robotics/exercise_2/install/franka_gazebo/share/franka_gazebo/environment/path.dsv
[0.112s] -- Installing: /home/atte/advanced-robotics/exercise_2/install/franka_gazebo/share/franka_gazebo/local_setup.bash
[0.113s] -- Installing: /home/atte/advanced-robotics/exercise_2/install/franka_gazebo/share/franka_gazebo/local_setup.sh
[0.113s] -- Installing: /home/atte/advanced-robotics/exercise_2/install/franka_gazebo/share/franka_gazebo/local_setup.zsh
[0.113s] -- Installing: /home/atte/advanced-robotics/exercise_2/install/franka_gazebo/share/franka_gazebo/local_setup.dsv
[0.114s] -- Installing: /home/atte/advanced-robotics/exercise_2/install/franka_gazebo/share/franka_gazebo/package.dsv
[0.114s] -- Installing: /home/atte/advanced-robotics/exercise_2/install/franka_gazebo/share/ament_index/resource_index/packages/franka_gazebo
[0.115s] -- Installing: /home/atte/advanced-robotics/exercise_2/install/franka_gazebo/share/franka_gazebo/cmake/franka_gazeboConfig.cmake
[0.115s] -- Installing: /home/atte/advanced-robotics/exercise_2/install/franka_gazebo/share/franka_gazebo/cmake/franka_gazeboConfig-version.cmake
[0.116s] -- Installing: /home/atte/advanced-robotics/exercise_2/install/franka_gazebo/share/franka_gazebo/package.xml
[0.118s] Invoked command in '/home/atte/advanced-robotics/exercise_2/build/franka_gazebo' returned '0': CMAKE_PREFIX_PATH=/home/atte/advanced-robotics/exercise_2/install/franka_description:/home/atte/advanced-robotics/exercise_2/install/franka_gazebo:/opt/ros/humble /usr/bin/cmake --install /home/atte/advanced-robotics/exercise_2/build/franka_gazebo
