[0.016s] Invoking command in '/home/ilari/Documents/ROBO.720/Ex1/ros2_ws/build/ex1_fk': CMAKE_PREFIX_PATH=${CMAKE_PREFIX_PATH}:/opt/ros/humble /usr/bin/cmake --build /home/ilari/Documents/ROBO.720/Ex1/ros2_ws/build/ex1_fk -- -j12 -l12
[0.050s] -- Found ament_cmake: 1.3.12 (/opt/ros/humble/share/ament_cmake/cmake)
[0.220s] -- Found ament_lint_auto: 0.12.14 (/opt/ros/humble/share/ament_lint_auto/cmake)
[0.312s] -- Added test 'cppcheck' to perform static code analysis on C / C++ code
[0.312s] -- Configured cppcheck include dirs: 
[0.312s] -- Configured cppcheck exclude dirs and/or files: 
[0.313s] -- Added test 'lint_cmake' to check CMake code style
[0.315s] -- Added test 'uncrustify' to check C / C++ code style
[0.315s] -- Configured uncrustify additional arguments: 
[0.315s] -- Added test 'xmllint' to check XML markup files
[0.316s] -- Configuring done
[0.323s] -- Generating done
[0.327s] -- Build files have been written to: /home/ilari/Documents/ROBO.720/Ex1/ros2_ws/build/ex1_fk
[0.363s] [35m[1mConsolidate compiler generated dependencies of target kdl[0m
[0.386s] [100%] Built target kdl
[0.405s] Invoked command in '/home/ilari/Documents/ROBO.720/Ex1/ros2_ws/build/ex1_fk' returned '0': CMAKE_PREFIX_PATH=${CMAKE_PREFIX_PATH}:/opt/ros/humble /usr/bin/cmake --build /home/ilari/Documents/ROBO.720/Ex1/ros2_ws/build/ex1_fk -- -j12 -l12
[0.421s] Invoking command in '/home/ilari/Documents/ROBO.720/Ex1/ros2_ws/build/ex1_fk': CMAKE_PREFIX_PATH=${CMAKE_PREFIX_PATH}:/opt/ros/humble /usr/bin/cmake --install /home/ilari/Documents/ROBO.720/Ex1/ros2_ws/build/ex1_fk
[0.431s] -- Install configuration: ""
[0.431s] -- Installing: /home/ilari/Documents/ROBO.720/Ex1/ros2_ws/install/ex1_fk/lib/ex1_fk/kdl
[0.431s] -- Up-to-date: /home/ilari/Documents/ROBO.720/Ex1/ros2_ws/install/ex1_fk/share/ament_index/resource_index/package_run_dependencies/ex1_fk
[0.431s] -- Up-to-date: /home/ilari/Documents/ROBO.720/Ex1/ros2_ws/install/ex1_fk/share/ament_index/resource_index/parent_prefix_path/ex1_fk
[0.431s] -- Up-to-date: /home/ilari/Documents/ROBO.720/Ex1/ros2_ws/install/ex1_fk/share/ex1_fk/environment/ament_prefix_path.sh
[0.431s] -- Installing: /home/ilari/Documents/ROBO.720/Ex1/ros2_ws/install/ex1_fk/share/ex1_fk/environment/ament_prefix_path.dsv
[0.432s] -- Up-to-date: /home/ilari/Documents/ROBO.720/Ex1/ros2_ws/install/ex1_fk/share/ex1_fk/environment/path.sh
[0.432s] -- Installing: /home/ilari/Documents/ROBO.720/Ex1/ros2_ws/install/ex1_fk/share/ex1_fk/environment/path.dsv
[0.432s] -- Up-to-date: /home/ilari/Documents/ROBO.720/Ex1/ros2_ws/install/ex1_fk/share/ex1_fk/local_setup.bash
[0.432s] -- Up-to-date: /home/ilari/Documents/ROBO.720/Ex1/ros2_ws/install/ex1_fk/share/ex1_fk/local_setup.sh
[0.432s] -- Up-to-date: /home/ilari/Documents/ROBO.720/Ex1/ros2_ws/install/ex1_fk/share/ex1_fk/local_setup.zsh
[0.432s] -- Installing: /home/ilari/Documents/ROBO.720/Ex1/ros2_ws/install/ex1_fk/share/ex1_fk/local_setup.dsv
[0.432s] -- Installing: /home/ilari/Documents/ROBO.720/Ex1/ros2_ws/install/ex1_fk/share/ex1_fk/package.dsv
[0.433s] -- Up-to-date: /home/ilari/Documents/ROBO.720/Ex1/ros2_ws/install/ex1_fk/share/ament_index/resource_index/packages/ex1_fk
[0.433s] -- Up-to-date: /home/ilari/Documents/ROBO.720/Ex1/ros2_ws/install/ex1_fk/share/ex1_fk/cmake/ex1_fkConfig.cmake
[0.433s] -- Up-to-date: /home/ilari/Documents/ROBO.720/Ex1/ros2_ws/install/ex1_fk/share/ex1_fk/cmake/ex1_fkConfig-version.cmake
[0.433s] -- Up-to-date: /home/ilari/Documents/ROBO.720/Ex1/ros2_ws/install/ex1_fk/share/ex1_fk/package.xml
[0.437s] Invoked command in '/home/ilari/Documents/ROBO.720/Ex1/ros2_ws/build/ex1_fk' returned '0': CMAKE_PREFIX_PATH=${CMAKE_PREFIX_PATH}:/opt/ros/humble /usr/bin/cmake --install /home/ilari/Documents/ROBO.720/Ex1/ros2_ws/build/ex1_fk
