[35m[1mConsolidate compiler generated dependencies of target arm_controllers[0m
[100%] Built target arm_controllers
-- Install configuration: ""
-- Up-to-date: /home/atte/advanced-robotics/exercise_2/install/arm_controllers/lib/libarm_controllers.so
-- Up-to-date: /home/atte/advanced-robotics/exercise_2/install/arm_controllers/include
-- Up-to-date: /home/atte/advanced-robotics/exercise_2/install/arm_controllers/include/arm_controllers
-- Installing: /home/atte/advanced-robotics/exercise_2/install/arm_controllers/include/arm_controllers/joint_switch_example_controller.hpp
-- Up-to-date: /home/atte/advanced-robotics/exercise_2/install/arm_controllers/include/arm_controllers/joint_impedance_example_controller.hpp
-- Up-to-date: /home/atte/advanced-robotics/exercise_2/install/arm_controllers/include/arm_controllers/time_delay_controller.hpp
-- Up-to-date: /home/atte/advanced-robotics/exercise_2/install/arm_controllers/include/arm_controllers/joint_velocity_example_controller.hpp
-- Up-to-date: /home/atte/advanced-robotics/exercise_2/install/arm_controllers/include/arm_controllers/joint_position_example_controller.hpp
-- Up-to-date: /home/atte/advanced-robotics/exercise_2/install/arm_controllers/include/arm_controllers/computed_torque_controller.hpp
-- Up-to-date: /home/atte/advanced-robotics/exercise_2/install/arm_controllers/share/arm_controllers/controllers_plugin.xml
-- Up-to-date: /home/atte/advanced-robotics/exercise_2/install/arm_controllers/share/arm_controllers/controllers_plugin.xml
-- Up-to-date: /home/atte/advanced-robotics/exercise_2/install/arm_controllers/share/arm_controllers/environment/library_path.sh
-- Up-to-date: /home/atte/advanced-robotics/exercise_2/install/arm_controllers/share/arm_controllers/environment/library_path.dsv
-- Up-to-date: /home/atte/advanced-robotics/exercise_2/install/arm_controllers/share/ament_index/resource_index/package_run_dependencies/arm_controllers
-- Up-to-date: /home/atte/advanced-robotics/exercise_2/install/arm_controllers/share/ament_index/resource_index/parent_prefix_path/arm_controllers
-- Up-to-date: /home/atte/advanced-robotics/exercise_2/install/arm_controllers/share/arm_controllers/environment/ament_prefix_path.sh
-- Up-to-date: /home/atte/advanced-robotics/exercise_2/install/arm_controllers/share/arm_controllers/environment/ament_prefix_path.dsv
-- Up-to-date: /home/atte/advanced-robotics/exercise_2/install/arm_controllers/share/arm_controllers/environment/path.sh
-- Up-to-date: /home/atte/advanced-robotics/exercise_2/install/arm_controllers/share/arm_controllers/environment/path.dsv
-- Up-to-date: /home/atte/advanced-robotics/exercise_2/install/arm_controllers/share/arm_controllers/local_setup.bash
-- Up-to-date: /home/atte/advanced-robotics/exercise_2/install/arm_controllers/share/arm_controllers/local_setup.sh
-- Up-to-date: /home/atte/advanced-robotics/exercise_2/install/arm_controllers/share/arm_controllers/local_setup.zsh
-- Up-to-date: /home/atte/advanced-robotics/exercise_2/install/arm_controllers/share/arm_controllers/local_setup.dsv
-- Installing: /home/atte/advanced-robotics/exercise_2/install/arm_controllers/share/arm_controllers/package.dsv
-- Up-to-date: /home/atte/advanced-robotics/exercise_2/install/arm_controllers/share/ament_index/resource_index/packages/arm_controllers
-- Up-to-date: /home/atte/advanced-robotics/exercise_2/install/arm_controllers/share/ament_index/resource_index/controller_interface__pluginlib__plugin/arm_controllers
-- Up-to-date: /home/atte/advanced-robotics/exercise_2/install/arm_controllers/share/arm_controllers/cmake/ament_cmake_export_dependencies-extras.cmake
-- Up-to-date: /home/atte/advanced-robotics/exercise_2/install/arm_controllers/share/arm_controllers/cmake/ament_cmake_export_include_directories-extras.cmake
-- Up-to-date: /home/atte/advanced-robotics/exercise_2/install/arm_controllers/share/arm_controllers/cmake/ament_cmake_export_libraries-extras.cmake
-- Up-to-date: /home/atte/advanced-robotics/exercise_2/install/arm_controllers/share/arm_controllers/cmake/arm_controllersConfig.cmake
-- Up-to-date: /home/atte/advanced-robotics/exercise_2/install/arm_controllers/share/arm_controllers/cmake/arm_controllersConfig-version.cmake
-- Up-to-date: /home/atte/advanced-robotics/exercise_2/install/arm_controllers/share/arm_controllers/package.xml
