[0.010s] Invoking command in '/home/atte/advanced-robotics/exercise_2/build/arm_controllers': CMAKE_PREFIX_PATH=${CMAKE_PREFIX_PATH}:/opt/ros/humble /usr/bin/cmake --build /home/atte/advanced-robotics/exercise_2/build/arm_controllers -- -j12 -l12
[0.054s] [35m[1mConsolidate compiler generated dependencies of target arm_controllers[0m
[0.088s] [100%] Built target arm_controllers
[0.099s] Invoked command in '/home/atte/advanced-robotics/exercise_2/build/arm_controllers' returned '0': CMAKE_PREFIX_PATH=${CMAKE_PREFIX_PATH}:/opt/ros/humble /usr/bin/cmake --build /home/atte/advanced-robotics/exercise_2/build/arm_controllers -- -j12 -l12
[0.134s] Invoking command in '/home/atte/advanced-robotics/exercise_2/build/arm_controllers': CMAKE_PREFIX_PATH=${CMAKE_PREFIX_PATH}:/opt/ros/humble /usr/bin/cmake --install /home/atte/advanced-robotics/exercise_2/build/arm_controllers
[0.141s] -- Install configuration: ""
[0.141s] -- Up-to-date: /home/atte/advanced-robotics/exercise_2/install/arm_controllers/lib/libarm_controllers.so
[0.141s] -- Up-to-date: /home/atte/advanced-robotics/exercise_2/install/arm_controllers/include
[0.141s] -- Up-to-date: /home/atte/advanced-robotics/exercise_2/install/arm_controllers/include/arm_controllers
[0.141s] -- Installing: /home/atte/advanced-robotics/exercise_2/install/arm_controllers/include/arm_controllers/joint_switch_example_controller.hpp
[0.141s] -- Up-to-date: /home/atte/advanced-robotics/exercise_2/install/arm_controllers/include/arm_controllers/joint_impedance_example_controller.hpp
[0.142s] -- Up-to-date: /home/atte/advanced-robotics/exercise_2/install/arm_controllers/include/arm_controllers/time_delay_controller.hpp
[0.142s] -- Up-to-date: /home/atte/advanced-robotics/exercise_2/install/arm_controllers/include/arm_controllers/joint_velocity_example_controller.hpp
[0.142s] -- Up-to-date: /home/atte/advanced-robotics/exercise_2/install/arm_controllers/include/arm_controllers/joint_position_example_controller.hpp
[0.142s] -- Up-to-date: /home/atte/advanced-robotics/exercise_2/install/arm_controllers/include/arm_controllers/computed_torque_controller.hpp
[0.142s] -- Up-to-date: /home/atte/advanced-robotics/exercise_2/install/arm_controllers/share/arm_controllers/controllers_plugin.xml
[0.142s] -- Up-to-date: /home/atte/advanced-robotics/exercise_2/install/arm_controllers/share/arm_controllers/controllers_plugin.xml
[0.142s] -- Up-to-date: /home/atte/advanced-robotics/exercise_2/install/arm_controllers/share/arm_controllers/environment/library_path.sh
[0.142s] -- Up-to-date: /home/atte/advanced-robotics/exercise_2/install/arm_controllers/share/arm_controllers/environment/library_path.dsv
[0.142s] -- Up-to-date: /home/atte/advanced-robotics/exercise_2/install/arm_controllers/share/ament_index/resource_index/package_run_dependencies/arm_controllers
[0.143s] -- Up-to-date: /home/atte/advanced-robotics/exercise_2/install/arm_controllers/share/ament_index/resource_index/parent_prefix_path/arm_controllers
[0.143s] -- Up-to-date: /home/atte/advanced-robotics/exercise_2/install/arm_controllers/share/arm_controllers/environment/ament_prefix_path.sh
[0.143s] -- Up-to-date: /home/atte/advanced-robotics/exercise_2/install/arm_controllers/share/arm_controllers/environment/ament_prefix_path.dsv
[0.143s] -- Up-to-date: /home/atte/advanced-robotics/exercise_2/install/arm_controllers/share/arm_controllers/environment/path.sh
[0.143s] -- Up-to-date: /home/atte/advanced-robotics/exercise_2/install/arm_controllers/share/arm_controllers/environment/path.dsv
[0.143s] -- Up-to-date: /home/atte/advanced-robotics/exercise_2/install/arm_controllers/share/arm_controllers/local_setup.bash
[0.143s] -- Up-to-date: /home/atte/advanced-robotics/exercise_2/install/arm_controllers/share/arm_controllers/local_setup.sh
[0.143s] -- Up-to-date: /home/atte/advanced-robotics/exercise_2/install/arm_controllers/share/arm_controllers/local_setup.zsh
[0.143s] -- Up-to-date: /home/atte/advanced-robotics/exercise_2/install/arm_controllers/share/arm_controllers/local_setup.dsv
[0.143s] -- Installing: /home/atte/advanced-robotics/exercise_2/install/arm_controllers/share/arm_controllers/package.dsv
[0.143s] -- Up-to-date: /home/atte/advanced-robotics/exercise_2/install/arm_controllers/share/ament_index/resource_index/packages/arm_controllers
[0.143s] -- Up-to-date: /home/atte/advanced-robotics/exercise_2/install/arm_controllers/share/ament_index/resource_index/controller_interface__pluginlib__plugin/arm_controllers
[0.144s] -- Up-to-date: /home/atte/advanced-robotics/exercise_2/install/arm_controllers/share/arm_controllers/cmake/ament_cmake_export_dependencies-extras.cmake
[0.144s] -- Up-to-date: /home/atte/advanced-robotics/exercise_2/install/arm_controllers/share/arm_controllers/cmake/ament_cmake_export_include_directories-extras.cmake
[0.144s] -- Up-to-date: /home/atte/advanced-robotics/exercise_2/install/arm_controllers/share/arm_controllers/cmake/ament_cmake_export_libraries-extras.cmake
[0.144s] -- Up-to-date: /home/atte/advanced-robotics/exercise_2/install/arm_controllers/share/arm_controllers/cmake/arm_controllersConfig.cmake
[0.144s] -- Up-to-date: /home/atte/advanced-robotics/exercise_2/install/arm_controllers/share/arm_controllers/cmake/arm_controllersConfig-version.cmake
[0.144s] -- Up-to-date: /home/atte/advanced-robotics/exercise_2/install/arm_controllers/share/arm_controllers/package.xml
[0.145s] Invoked command in '/home/atte/advanced-robotics/exercise_2/build/arm_controllers' returned '0': CMAKE_PREFIX_PATH=${CMAKE_PREFIX_PATH}:/opt/ros/humble /usr/bin/cmake --install /home/atte/advanced-robotics/exercise_2/build/arm_controllers
