[0.012s] Invoking command in '/home/atte/advanced-robotics/exercise_2/build/franka_description': CMAKE_PREFIX_PATH=${CMAKE_PREFIX_PATH}:/opt/ros/humble /usr/bin/cmake --build /home/atte/advanced-robotics/exercise_2/build/franka_description -- -j12 -l12
[0.046s] Invoked command in '/home/atte/advanced-robotics/exercise_2/build/franka_description' returned '0': CMAKE_PREFIX_PATH=${CMAKE_PREFIX_PATH}:/opt/ros/humble /usr/bin/cmake --build /home/atte/advanced-robotics/exercise_2/build/franka_description -- -j12 -l12
[0.077s] Invoking command in '/home/atte/advanced-robotics/exercise_2/build/franka_description': CMAKE_PREFIX_PATH=${CMAKE_PREFIX_PATH}:/opt/ros/humble /usr/bin/cmake --install /home/atte/advanced-robotics/exercise_2/build/franka_description
[0.083s] -- Install configuration: ""
[0.083s] -- Up-to-date: /home/atte/advanced-robotics/exercise_2/install/franka_description/share/franka_description//urdf
[0.083s] -- Up-to-date: /home/atte/advanced-robotics/exercise_2/install/franka_description/share/franka_description//urdf/common
[0.083s] -- Up-to-date: /home/atte/advanced-robotics/exercise_2/install/franka_description/share/franka_description//urdf/common/inertial.yaml
[0.084s] -- Up-to-date: /home/atte/advanced-robotics/exercise_2/install/franka_description/share/franka_description//urdf/materials.xacro
[0.084s] -- Up-to-date: /home/atte/advanced-robotics/exercise_2/install/franka_description/share/franka_description//urdf/panda_arm.urdf.xacro
[0.084s] -- Up-to-date: /home/atte/advanced-robotics/exercise_2/install/franka_description/share/franka_description//urdf/effort_panda_arm.urdf.xacro
[0.084s] -- Up-to-date: /home/atte/advanced-robotics/exercise_2/install/franka_description/share/franka_description//urdf/ft_sensor.xacro
[0.084s] -- Up-to-date: /home/atte/advanced-robotics/exercise_2/install/franka_description/share/franka_description//urdf/ros2_control
[0.084s] -- Up-to-date: /home/atte/advanced-robotics/exercise_2/install/franka_description/share/franka_description//urdf/ros2_control/utils.xacro
[0.084s] -- Up-to-date: /home/atte/advanced-robotics/exercise_2/install/franka_description/share/franka_description//urdf/ros2_control/panda_arm.ros2_control.xacro
[0.084s] -- Up-to-date: /home/atte/advanced-robotics/exercise_2/install/franka_description/share/franka_description//urdf/ros2_control/effort_panda_arm.ros2_control.xacro
[0.084s] -- Up-to-date: /home/atte/advanced-robotics/exercise_2/install/franka_description/share/franka_description//urdf/hand.xacro
[0.085s] -- Up-to-date: /home/atte/advanced-robotics/exercise_2/install/franka_description/share/franka_description//urdf/effort_panda_arm_ft_sensor.urdf.xacro
[0.085s] -- Up-to-date: /home/atte/advanced-robotics/exercise_2/install/franka_description/share/franka_description//urdf/hand.urdf.xacro
[0.085s] -- Up-to-date: /home/atte/advanced-robotics/exercise_2/install/franka_description/share/franka_description//urdf/box.urdf.xacro
[0.085s] -- Up-to-date: /home/atte/advanced-robotics/exercise_2/install/franka_description/share/franka_description//urdf/panda_arm.xacro
[0.085s] -- Up-to-date: /home/atte/advanced-robotics/exercise_2/install/franka_description/share/franka_description//meshes
[0.085s] -- Up-to-date: /home/atte/advanced-robotics/exercise_2/install/franka_description/share/franka_description//meshes/collision
[0.085s] -- Up-to-date: /home/atte/advanced-robotics/exercise_2/install/franka_description/share/franka_description//meshes/collision/link1.stl
[0.085s] -- Up-to-date: /home/atte/advanced-robotics/exercise_2/install/franka_description/share/franka_description//meshes/collision/link6.stl
[0.085s] -- Up-to-date: /home/atte/advanced-robotics/exercise_2/install/franka_description/share/franka_description//meshes/collision/link0.stl
[0.085s] -- Up-to-date: /home/atte/advanced-robotics/exercise_2/install/franka_description/share/franka_description//meshes/collision/link7.stl
[0.086s] -- Up-to-date: /home/atte/advanced-robotics/exercise_2/install/franka_description/share/franka_description//meshes/collision/link3.stl
[0.086s] -- Up-to-date: /home/atte/advanced-robotics/exercise_2/install/franka_description/share/franka_description//meshes/collision/link2.stl
[0.086s] -- Up-to-date: /home/atte/advanced-robotics/exercise_2/install/franka_description/share/franka_description//meshes/collision/link5.stl
[0.086s] -- Up-to-date: /home/atte/advanced-robotics/exercise_2/install/franka_description/share/franka_description//meshes/collision/link4.stl
[0.086s] -- Up-to-date: /home/atte/advanced-robotics/exercise_2/install/franka_description/share/franka_description//meshes/visual
[0.086s] -- Up-to-date: /home/atte/advanced-robotics/exercise_2/install/franka_description/share/franka_description//meshes/visual/link0.dae
[0.086s] -- Up-to-date: /home/atte/advanced-robotics/exercise_2/install/franka_description/share/franka_description//meshes/visual/link6.dae
[0.086s] -- Up-to-date: /home/atte/advanced-robotics/exercise_2/install/franka_description/share/franka_description//meshes/visual/link7.dae
[0.086s] -- Up-to-date: /home/atte/advanced-robotics/exercise_2/install/franka_description/share/franka_description//meshes/visual/finger.dae
[0.086s] -- Up-to-date: /home/atte/advanced-robotics/exercise_2/install/franka_description/share/franka_description//meshes/visual/hand.dae
[0.086s] -- Up-to-date: /home/atte/advanced-robotics/exercise_2/install/franka_description/share/franka_description//meshes/visual/link4.dae
[0.086s] -- Up-to-date: /home/atte/advanced-robotics/exercise_2/install/franka_description/share/franka_description//meshes/visual/link1.dae
[0.086s] -- Up-to-date: /home/atte/advanced-robotics/exercise_2/install/franka_description/share/franka_description//meshes/visual/link3.dae
[0.087s] -- Up-to-date: /home/atte/advanced-robotics/exercise_2/install/franka_description/share/franka_description//meshes/visual/link2.dae
[0.087s] -- Up-to-date: /home/atte/advanced-robotics/exercise_2/install/franka_description/share/franka_description//meshes/visual/link5.dae
[0.087s] -- Up-to-date: /home/atte/advanced-robotics/exercise_2/install/franka_description/share/franka_description//config
[0.087s] -- Up-to-date: /home/atte/advanced-robotics/exercise_2/install/franka_description/share/franka_description//config/initial_positions.yaml
[0.087s] -- Up-to-date: /home/atte/advanced-robotics/exercise_2/install/franka_description/share/ament_index/resource_index/package_run_dependencies/franka_description
[0.087s] -- Up-to-date: /home/atte/advanced-robotics/exercise_2/install/franka_description/share/ament_index/resource_index/parent_prefix_path/franka_description
[0.087s] -- Up-to-date: /home/atte/advanced-robotics/exercise_2/install/franka_description/share/franka_description/environment/ament_prefix_path.sh
[0.087s] -- Up-to-date: /home/atte/advanced-robotics/exercise_2/install/franka_description/share/franka_description/environment/ament_prefix_path.dsv
[0.087s] -- Up-to-date: /home/atte/advanced-robotics/exercise_2/install/franka_description/share/franka_description/environment/path.sh
[0.087s] -- Up-to-date: /home/atte/advanced-robotics/exercise_2/install/franka_description/share/franka_description/environment/path.dsv
[0.087s] -- Up-to-date: /home/atte/advanced-robotics/exercise_2/install/franka_description/share/franka_description/local_setup.bash
[0.087s] -- Up-to-date: /home/atte/advanced-robotics/exercise_2/install/franka_description/share/franka_description/local_setup.sh
[0.087s] -- Up-to-date: /home/atte/advanced-robotics/exercise_2/install/franka_description/share/franka_description/local_setup.zsh
[0.087s] -- Up-to-date: /home/atte/advanced-robotics/exercise_2/install/franka_description/share/franka_description/local_setup.dsv
[0.087s] -- Installing: /home/atte/advanced-robotics/exercise_2/install/franka_description/share/franka_description/package.dsv
[0.088s] -- Up-to-date: /home/atte/advanced-robotics/exercise_2/install/franka_description/share/ament_index/resource_index/packages/franka_description
[0.088s] -- Up-to-date: /home/atte/advanced-robotics/exercise_2/install/franka_description/share/franka_description/cmake/franka_descriptionConfig.cmake
[0.088s] -- Up-to-date: /home/atte/advanced-robotics/exercise_2/install/franka_description/share/franka_description/cmake/franka_descriptionConfig-version.cmake
[0.088s] -- Up-to-date: /home/atte/advanced-robotics/exercise_2/install/franka_description/share/franka_description/package.xml
[0.089s] Invoked command in '/home/atte/advanced-robotics/exercise_2/build/franka_description' returned '0': CMAKE_PREFIX_PATH=${CMAKE_PREFIX_PATH}:/opt/ros/humble /usr/bin/cmake --install /home/atte/advanced-robotics/exercise_2/build/franka_description
